2024-06-28T06:22:09.490Z info: Server running on http://localhost:3000
2024-06-28T06:22:22.049Z info: Received log message: 44 单位获取成功: 
{
    "Hue": 0,
    "Saturation": 20,
    "Contrast": 0,
    "Brightness": 30,
    "level": 9
}
2024-06-28T06:22:22.054Z info: Received log message: 44 单位获取成功: 
{
    "Hue": -20,
    "Saturation": -50,
    "Contrast": 50,
    "Brightness": -50,
    "level": 0
}
2024-06-28T06:22:22.056Z info: Received log message: 44 单位获取成功: 
{
    "blueMultiplier": 0.15,
    "greenMultiplier": 1,
    "redMultiplier": 0.15,
    "Hue": 0,
    "Saturation": 0,
    "Contrast": 30,
    "Brightness": 25,
    "level": 2
}
2024-06-28T06:22:22.058Z info: Received log message: 44 单位获取成功: 
{
    "Hue": 10,
    "Saturation": -20,
    "Contrast": 28.6,
    "Brightness": -15.7,
    "level": 3
}
2024-06-28T06:22:22.060Z info: Received log message: 44 单位获取成功: 
{
    "Hue": 0,
    "Saturation": 0,
    "Contrast": 0,
    "Brightness": 0,
    "level": 7
}
2024-06-28T06:22:22.061Z info: Received log message: 44 单位获取成功: 
{
    "Hue": 10,
    "Saturation": 0,
    "Contrast": 14.3,
    "Brightness": 0,
    "level": 5
}
2024-06-28T06:22:22.064Z info: Received log message: 44 单位获取成功: 
{
    "Hue": -10,
    "Saturation": -15,
    "Contrast": 42.9,
    "Brightness": -38.6,
    "level": 1
}
2024-06-28T06:22:22.068Z info: Received log message: 44 单位获取成功: 
{
    "Hue": 0,
    "Saturation": 0,
    "Contrast": 0,
    "Brightness": 20,
    "level": 8
}
2024-06-28T06:22:22.070Z info: Received log message: 44 单位获取成功: 
{
    "Hue": 0,
    "Saturation": 0,
    "Contrast": 7.1,
    "Brightness": 0,
    "level": 6
}
2024-06-28T06:22:22.073Z info: Received log message: 44 单位获取成功: 
{
    "Hue": 0,
    "Saturation": 10,
    "Contrast": 0,
    "Brightness": 20,
    "level": 8
}
2024-06-28T06:22:22.074Z info: Received log message: 44 单位获取成功: 
{
    "Hue": -10,
    "Saturation": -40,
    "Contrast": 42.9,
    "Brightness": -38.6,
    "level": 1
}
2024-06-28T06:22:22.076Z info: Received log message: 44 单位获取成功: 
{
    "Hue": 20,
    "Saturation": 0,
    "Contrast": 21.4,
    "Brightness": -4.3,
    "level": 4
}
2024-06-28T06:22:22.077Z info: Received log message: 44 单位获取成功: 
{
    "Hue": -20,
    "Saturation": -20,
    "Contrast": 50,
    "Brightness": -50,
    "level": 0
}
2024-06-28T06:22:22.079Z info: Received log message: 44 单位获取成功: 
{
    "Hue": 20,
    "Saturation": -10,
    "Contrast": 21.4,
    "Brightness": -4.3,
    "level": 4
}
2024-06-28T06:22:22.084Z info: Received log message: 44 单位获取成功: 
{
    "Hue": 0,
    "Saturation": 0,
    "Contrast": 0,
    "Brightness": 0,
    "level": 7
}
2024-06-28T06:22:22.085Z info: Received log message: 44 单位获取成功: 
{
    "Hue": 10,
    "Saturation": -5,
    "Contrast": 28.6,
    "Brightness": -15.7,
    "level": 3
}
2024-06-28T06:22:22.087Z info: Received log message: 44 单位获取成功: 
{
    "blueMultiplier": 0.5,
    "redMultiplier": 0.5,
    "Hue": 0,
    "Saturation": -20,
    "Contrast": 13.33,
    "Brightness": 33.33,
    "level": 5
}
2024-06-28T06:22:22.090Z info: Received log message: 44 单位获取成功: 
{
    "Hue": 0,
    "Saturation": 0,
    "Contrast": 0,
    "Brightness": 30,
    "level": 9
}
2024-06-28T06:22:22.091Z info: Received log message: 44 单位获取成功: 
{
    "Hue": 0,
    "Saturation": 0,
    "Contrast": 0,
    "Brightness": 0,
    "level": 7
}
2024-06-28T06:22:22.092Z info: Received log message: 44 单位获取成功: 
{
    "blueMultiplier": 0.15,
    "greenMultiplier": 1,
    "redMultiplier": 0.15,
    "Hue": 0,
    "Saturation": 0,
    "Contrast": 40,
    "Brightness": 15,
    "level": 1
}
2024-06-28T06:22:22.094Z info: Received log message: 44 单位获取成功: 
{
    "Hue": 0,
    "Saturation": 0,
    "Contrast": 0,
    "Brightness": 30,
    "level": 9
}
2024-06-28T06:22:22.097Z info: Received log message: 44 单位获取成功: 
{
    "Hue": 0,
    "Saturation": 10,
    "Contrast": 0,
    "Brightness": 15,
    "level": 8
}
2024-06-28T06:22:22.100Z info: Received log message: 44 单位获取成功: 
{
    "Hue": 0,
    "Saturation": 0,
    "Contrast": 7.1,
    "Brightness": 0,
    "level": 6
}
2024-06-28T06:22:22.101Z info: Received log message: 44 单位获取成功: 
{
    "Hue": 0,
    "Saturation": -30,
    "Contrast": 35.7,
    "Brightness": -27.1,
    "level": 2
}
2024-06-28T06:22:22.102Z info: Received log message: 44 单位获取成功: 
{
    "blueMultiplier": 0.2,
    "greenMultiplier": 1,
    "redMultiplier": 0.2,
    "Hue": 0,
    "Saturation": 0,
    "Contrast": 15,
    "Brightness": 32.5,
    "level": 3
}
2024-06-28T06:22:22.105Z info: Received log message: 44 单位获取成功: 
{
    "Hue": 10,
    "Saturation": 0,
    "Contrast": 14.3,
    "Brightness": 0,
    "level": 5
}
2024-06-28T06:22:22.107Z info: Received log message: 44 单位获取成功: 
{
    "blueMultiplier": 0.8,
    "redMultiplier": 0.8,
    "Hue": 0,
    "Saturation": -10,
    "Contrast": 6.67,
    "Brightness": 16.67,
    "level": 6
}
2024-06-28T06:22:22.108Z info: Received log message: 44 色彩预设表已成功加载并配置。
2024-06-28T06:22:22.109Z info: Received log message: 44 单位获取成功: 
{
    "Hue": 0,
    "Saturation": -10,
    "Contrast": 35.7,
    "Brightness": -27.1,
    "level": 2
}
2024-06-28T06:22:22.111Z info: Received log message: 44 单位获取成功: 
{
    "blueMultiplier": 0.15,
    "greenMultiplier": 1,
    "redMultiplier": 0.15,
    "Hue": 0,
    "Saturation": 0,
    "Contrast": 50,
    "Brightness": 0,
    "level": 0
}
2024-06-28T06:22:22.118Z info: Received log message: 44 单位获取成功: 
{
    "blueMultiplier": 0.3,
    "greenMultiplier": 1,
    "redMultiplier": 0.3,
    "Hue": 0,
    "Saturation": 0,
    "Contrast": 20,
    "Brightness": 50,
    "level": 4
}
2024-06-28T06:22:27.638Z info: Received log message: 195 创建物件 {,}
2024-06-28T06:22:27.641Z info: Received log message: 195 {,}
2024-06-28T06:23:03.407Z info: Received log message: 44 单位获取成功: 
{
    "Hue": 0,
    "Saturation": 0,
    "Contrast": 0,
    "Brightness": 0,
    "level": 7
}
2024-06-28T06:23:03.408Z info: Received log message: 44 单位获取成功: 
{
    "blueMultiplier": 0.15,
    "greenMultiplier": 1,
    "redMultiplier": 0.15,
    "Hue": 0,
    "Saturation": 0,
    "Contrast": 30,
    "Brightness": 25,
    "level": 2
}
2024-06-28T06:23:03.410Z info: Received log message: 44 单位获取成功: 
{
    "blueMultiplier": 0.2,
    "greenMultiplier": 1,
    "redMultiplier": 0.2,
    "Hue": 0,
    "Saturation": 0,
    "Contrast": 15,
    "Brightness": 32.5,
    "level": 3
}
2024-06-28T06:23:03.410Z info: Received log message: 44 单位获取成功: 
{
    "Hue": 0,
    "Saturation": 0,
    "Contrast": 0,
    "Brightness": 20,
    "level": 8
}
2024-06-28T06:23:03.411Z info: Received log message: 44 单位获取成功: 
{
    "Hue": 0,
    "Saturation": 0,
    "Contrast": 7.1,
    "Brightness": 0,
    "level": 6
}
2024-06-28T06:23:03.412Z info: Received log message: 44 单位获取成功: 
{
    "Hue": 0,
    "Saturation": 20,
    "Contrast": 0,
    "Brightness": 30,
    "level": 9
}
2024-06-28T06:23:03.413Z info: Received log message: 44 单位获取成功: 
{
    "Hue": 10,
    "Saturation": -5,
    "Contrast": 28.6,
    "Brightness": -15.7,
    "level": 3
}
2024-06-28T06:23:03.414Z info: Received log message: 44 单位获取成功: 
{
    "Hue": 10,
    "Saturation": 0,
    "Contrast": 14.3,
    "Brightness": 0,
    "level": 5
}
2024-06-28T06:23:03.415Z info: Received log message: 44 单位获取成功: 
{
    "Hue": 0,
    "Saturation": -30,
    "Contrast": 35.7,
    "Brightness": -27.1,
    "level": 2
}
2024-06-28T06:23:03.415Z info: Received log message: 44 单位获取成功: 
{
    "Hue": 0,
    "Saturation": -10,
    "Contrast": 35.7,
    "Brightness": -27.1,
    "level": 2
}
2024-06-28T06:23:03.416Z info: Received log message: 44 单位获取成功: 
{
    "blueMultiplier": 0.3,
    "greenMultiplier": 1,
    "redMultiplier": 0.3,
    "Hue": 0,
    "Saturation": 0,
    "Contrast": 20,
    "Brightness": 50,
    "level": 4
}
2024-06-28T06:23:03.417Z info: Received log message: 44 单位获取成功: 
{
    "Hue": 0,
    "Saturation": 0,
    "Contrast": 0,
    "Brightness": 30,
    "level": 9
}
2024-06-28T06:23:03.422Z info: Received log message: 44 单位获取成功: 
{
    "blueMultiplier": 0.8,
    "redMultiplier": 0.8,
    "Hue": 0,
    "Saturation": -10,
    "Contrast": 6.67,
    "Brightness": 16.67,
    "level": 6
}
2024-06-28T06:23:03.423Z info: Received log message: 44 单位获取成功: 
{
    "Hue": 20,
    "Saturation": 0,
    "Contrast": 21.4,
    "Brightness": -4.3,
    "level": 4
}
2024-06-28T06:23:03.424Z info: Received log message: 44 单位获取成功: 
{
    "Hue": 0,
    "Saturation": 10,
    "Contrast": 0,
    "Brightness": 15,
    "level": 8
}
2024-06-28T06:23:03.425Z info: Received log message: 44 单位获取成功: 
{
    "Hue": -10,
    "Saturation": -40,
    "Contrast": 42.9,
    "Brightness": -38.6,
    "level": 1
}
2024-06-28T06:23:03.425Z info: Received log message: 44 单位获取成功: 
{
    "blueMultiplier": 0.15,
    "greenMultiplier": 1,
    "redMultiplier": 0.15,
    "Hue": 0,
    "Saturation": 0,
    "Contrast": 50,
    "Brightness": 0,
    "level": 0
}
2024-06-28T06:23:03.427Z info: Received log message: 44 单位获取成功: 
{
    "Hue": 0,
    "Saturation": 0,
    "Contrast": 0,
    "Brightness": 0,
    "level": 7
}
2024-06-28T06:23:03.427Z info: Received log message: 44 单位获取成功: 
{
    "Hue": 20,
    "Saturation": -10,
    "Contrast": 21.4,
    "Brightness": -4.3,
    "level": 4
}
2024-06-28T06:23:03.428Z info: Received log message: 44 单位获取成功: 
{
    "blueMultiplier": 0.15,
    "greenMultiplier": 1,
    "redMultiplier": 0.15,
    "Hue": 0,
    "Saturation": 0,
    "Contrast": 40,
    "Brightness": 15,
    "level": 1
}
2024-06-28T06:23:03.429Z info: Received log message: 44 单位获取成功: 
{
    "Hue": 10,
    "Saturation": 0,
    "Contrast": 14.3,
    "Brightness": 0,
    "level": 5
}
2024-06-28T06:23:03.430Z info: Received log message: 44 单位获取成功: 
{
    "Hue": -20,
    "Saturation": -50,
    "Contrast": 50,
    "Brightness": -50,
    "level": 0
}
2024-06-28T06:23:03.431Z info: Received log message: 44 单位获取成功: 
{
    "Hue": -20,
    "Saturation": -20,
    "Contrast": 50,
    "Brightness": -50,
    "level": 0
}
2024-06-28T06:23:03.431Z info: Received log message: 44 单位获取成功: 
{
    "Hue": 0,
    "Saturation": 10,
    "Contrast": 0,
    "Brightness": 20,
    "level": 8
}
2024-06-28T06:23:03.432Z info: Received log message: 44 单位获取成功: 
{
    "Hue": -10,
    "Saturation": -15,
    "Contrast": 42.9,
    "Brightness": -38.6,
    "level": 1
}
2024-06-28T06:23:03.433Z info: Received log message: 44 单位获取成功: 
{
    "blueMultiplier": 0.5,
    "redMultiplier": 0.5,
    "Hue": 0,
    "Saturation": -20,
    "Contrast": 13.33,
    "Brightness": 33.33,
    "level": 5
}
2024-06-28T06:23:03.440Z info: Received log message: 44 色彩预设表已成功加载并配置。
2024-06-28T06:23:03.440Z info: Received log message: 44 单位获取成功: 
{
    "Hue": 0,
    "Saturation": 0,
    "Contrast": 0,
    "Brightness": 30,
    "level": 9
}
2024-06-28T06:23:03.441Z info: Received log message: 44 单位获取成功: 
{
    "Hue": 10,
    "Saturation": -20,
    "Contrast": 28.6,
    "Brightness": -15.7,
    "level": 3
}
2024-06-28T06:23:03.442Z info: Received log message: 44 单位获取成功: 
{
    "Hue": 0,
    "Saturation": 0,
    "Contrast": 7.1,
    "Brightness": 0,
    "level": 6
}
2024-06-28T06:23:03.444Z info: Received log message: 44 单位获取成功: 
{
    "Hue": 0,
    "Saturation": 0,
    "Contrast": 0,
    "Brightness": 0,
    "level": 7
}
2024-06-28T06:24:09.165Z info: Received log message: 2003 创建物件 {,}
2024-06-28T06:24:09.168Z info: Received log message: 2003 {,}
2024-06-28T06:24:25.469Z info: Received log message: 2487 读取缓存 {,}
2024-06-28T06:24:25.471Z info: Received log message: 2487 {,}
2024-06-28T06:24:31.146Z info: Received log message: 2652 读取缓存 {,}
2024-06-28T06:24:31.148Z info: Received log message: 2652 {,}
2024-06-28T06:24:33.866Z info: Received log message: 2726 创建物件 {,}
2024-06-28T06:24:33.869Z info: Received log message: 2726 {,}
2024-06-28T06:24:38.567Z info: Received log message: 2863 创建物件 {,}
2024-06-28T06:24:38.568Z info: Received log message: 2863 {,}
2024-06-28T06:24:52.752Z info: Received log message: 3283 {,}
2024-06-28T06:24:52.754Z info: Received log message: 3283 读取缓存 {,}
2024-06-28T06:31:52.619Z info: Received log message: 44 单位获取成功: 
{
    "Hue": 10,
    "Saturation": 0,
    "Contrast": 14.3,
    "Brightness": 0,
    "level": 5
}
2024-06-28T06:31:52.621Z info: Received log message: 44 单位获取成功: 
{
    "Hue": -10,
    "Saturation": -15,
    "Contrast": 42.9,
    "Brightness": -38.6,
    "level": 1
}
2024-06-28T06:31:52.623Z info: Received log message: 44 单位获取成功: 
{
    "Hue": -10,
    "Saturation": -40,
    "Contrast": 42.9,
    "Brightness": -38.6,
    "level": 1
}
2024-06-28T06:31:52.624Z info: Received log message: 44 单位获取成功: 
{
    "Hue": 0,
    "Saturation": 0,
    "Contrast": 0,
    "Brightness": 30,
    "level": 9
}
2024-06-28T06:31:52.626Z info: Received log message: 44 单位获取成功: 
{
    "Hue": 10,
    "Saturation": 0,
    "Contrast": 14.3,
    "Brightness": 0,
    "level": 5
}
2024-06-28T06:31:52.627Z info: Received log message: 44 单位获取成功: 
{
    "Hue": 0,
    "Saturation": 0,
    "Contrast": 0,
    "Brightness": 0,
    "level": 7
}
2024-06-28T06:31:52.627Z info: Received log message: 44 单位获取成功: 
{
    "blueMultiplier": 0.15,
    "greenMultiplier": 1,
    "redMultiplier": 0.15,
    "Hue": 0,
    "Saturation": 0,
    "Contrast": 40,
    "Brightness": 15,
    "level": 1
}
2024-06-28T06:31:52.628Z info: Received log message: 44 单位获取成功: 
{
    "Hue": 0,
    "Saturation": 20,
    "Contrast": 0,
    "Brightness": 30,
    "level": 9
}
2024-06-28T06:31:52.629Z info: Received log message: 44 单位获取成功: 
{
    "blueMultiplier": 0.5,
    "redMultiplier": 0.5,
    "Hue": 0,
    "Saturation": -20,
    "Contrast": 13.33,
    "Brightness": 33.33,
    "level": 5
}
2024-06-28T06:31:52.630Z info: Received log message: 44 单位获取成功: 
{
    "blueMultiplier": 0.3,
    "greenMultiplier": 1,
    "redMultiplier": 0.3,
    "Hue": 0,
    "Saturation": 0,
    "Contrast": 20,
    "Brightness": 50,
    "level": 4
}
2024-06-28T06:31:52.631Z info: Received log message: 44 单位获取成功: 
{
    "Hue": 0,
    "Saturation": 0,
    "Contrast": 7.1,
    "Brightness": 0,
    "level": 6
}
2024-06-28T06:31:52.632Z info: Received log message: 44 单位获取成功: 
{
    "Hue": 0,
    "Saturation": 0,
    "Contrast": 7.1,
    "Brightness": 0,
    "level": 6
}
2024-06-28T06:31:52.633Z info: Received log message: 44 单位获取成功: 
{
    "Hue": 20,
    "Saturation": 0,
    "Contrast": 21.4,
    "Brightness": -4.3,
    "level": 4
}
2024-06-28T06:31:52.634Z info: Received log message: 44 单位获取成功: 
{
    "Hue": 0,
    "Saturation": 10,
    "Contrast": 0,
    "Brightness": 15,
    "level": 8
}
2024-06-28T06:31:52.635Z info: Received log message: 44 单位获取成功: 
{
    "blueMultiplier": 0.15,
    "greenMultiplier": 1,
    "redMultiplier": 0.15,
    "Hue": 0,
    "Saturation": 0,
    "Contrast": 30,
    "Brightness": 25,
    "level": 2
}
2024-06-28T06:31:52.636Z info: Received log message: 44 单位获取成功: 
{
    "blueMultiplier": 0.2,
    "greenMultiplier": 1,
    "redMultiplier": 0.2,
    "Hue": 0,
    "Saturation": 0,
    "Contrast": 15,
    "Brightness": 32.5,
    "level": 3
}
2024-06-28T06:31:52.637Z info: Received log message: 44 单位获取成功: 
{
    "blueMultiplier": 0.8,
    "redMultiplier": 0.8,
    "Hue": 0,
    "Saturation": -10,
    "Contrast": 6.67,
    "Brightness": 16.67,
    "level": 6
}
2024-06-28T06:31:52.641Z info: Received log message: 44 单位获取成功: 
{
    "Hue": 0,
    "Saturation": 0,
    "Contrast": 0,
    "Brightness": 30,
    "level": 9
}
2024-06-28T06:31:52.642Z info: Received log message: 44 单位获取成功: 
{
    "Hue": 0,
    "Saturation": 0,
    "Contrast": 0,
    "Brightness": 0,
    "level": 7
}
2024-06-28T06:31:52.643Z info: Received log message: 44 单位获取成功: 
{
    "Hue": 10,
    "Saturation": -20,
    "Contrast": 28.6,
    "Brightness": -15.7,
    "level": 3
}
2024-06-28T06:31:52.645Z info: Received log message: 44 单位获取成功: 
{
    "blueMultiplier": 0.15,
    "greenMultiplier": 1,
    "redMultiplier": 0.15,
    "Hue": 0,
    "Saturation": 0,
    "Contrast": 50,
    "Brightness": 0,
    "level": 0
}
2024-06-28T06:31:52.646Z info: Received log message: 44 单位获取成功: 
{
    "Hue": 0,
    "Saturation": 0,
    "Contrast": 0,
    "Brightness": 20,
    "level": 8
}
2024-06-28T06:31:52.647Z info: Received log message: 44 单位获取成功: 
{
    "Hue": -20,
    "Saturation": -50,
    "Contrast": 50,
    "Brightness": -50,
    "level": 0
}
2024-06-28T06:31:52.648Z info: Received log message: 44 单位获取成功: 
{
    "Hue": 0,
    "Saturation": -30,
    "Contrast": 35.7,
    "Brightness": -27.1,
    "level": 2
}
2024-06-28T06:31:52.649Z info: Received log message: 44 单位获取成功: 
{
    "Hue": 0,
    "Saturation": 10,
    "Contrast": 0,
    "Brightness": 20,
    "level": 8
}
2024-06-28T06:31:52.650Z info: Received log message: 44 单位获取成功: 
{
    "Hue": 20,
    "Saturation": -10,
    "Contrast": 21.4,
    "Brightness": -4.3,
    "level": 4
}
2024-06-28T06:31:52.651Z info: Received log message: 44 单位获取成功: 
{
    "Hue": -20,
    "Saturation": -20,
    "Contrast": 50,
    "Brightness": -50,
    "level": 0
}
2024-06-28T06:31:52.652Z info: Received log message: 44 单位获取成功: 
{
    "Hue": 0,
    "Saturation": -10,
    "Contrast": 35.7,
    "Brightness": -27.1,
    "level": 2
}
2024-06-28T06:31:52.653Z info: Received log message: 44 色彩预设表已成功加载并配置。
2024-06-28T06:31:52.659Z info: Received log message: 44 单位获取成功: 
{
    "Hue": 10,
    "Saturation": -5,
    "Contrast": 28.6,
    "Brightness": -15.7,
    "level": 3
}
2024-06-28T06:31:52.660Z info: Received log message: 44 单位获取成功: 
{
    "Hue": 0,
    "Saturation": 0,
    "Contrast": 0,
    "Brightness": 0,
    "level": 7
}
2024-06-28T06:32:00.247Z info: Received log message: 256 身体_引用 电感切割刃_挂载披风周期将军披风 将军披风 _level0.gameworld.玩家0.底层背景.电感切割刃_挂载披风周期将军披风
2024-06-28T06:32:00.249Z info: Received log message: 256 创建物件 {,}
2024-06-28T06:36:34.002Z info: Received log message: 8460 创建物件 {,}
2024-06-28T06:36:34.004Z info: Received log message: 8460 身体_引用 电感切割刃_挂载披风周期将军披风 将军披风 _level0.gameworld.玩家0.底层背景.电感切割刃_挂载披风周期将军披风
2024-06-28T06:37:28.343Z info: Received log message: 44 单位获取成功: 
{
    "Hue": -20,
    "Saturation": -50,
    "Contrast": 50,
    "Brightness": -50,
    "level": 0
}
2024-06-28T06:37:28.344Z info: Received log message: 44 单位获取成功: 
{
    "Hue": 0,
    "Saturation": 0,
    "Contrast": 0,
    "Brightness": 0,
    "level": 7
}
2024-06-28T06:37:28.345Z info: Received log message: 44 单位获取成功: 
{
    "blueMultiplier": 0.2,
    "greenMultiplier": 1,
    "redMultiplier": 0.2,
    "Hue": 0,
    "Saturation": 0,
    "Contrast": 15,
    "Brightness": 32.5,
    "level": 3
}
2024-06-28T06:37:28.347Z info: Received log message: 44 单位获取成功: 
{
    "blueMultiplier": 0.8,
    "redMultiplier": 0.8,
    "Hue": 0,
    "Saturation": -10,
    "Contrast": 6.67,
    "Brightness": 16.67,
    "level": 6
}
2024-06-28T06:37:28.348Z info: Received log message: 44 单位获取成功: 
{
    "blueMultiplier": 0.15,
    "greenMultiplier": 1,
    "redMultiplier": 0.15,
    "Hue": 0,
    "Saturation": 0,
    "Contrast": 40,
    "Brightness": 15,
    "level": 1
}
2024-06-28T06:37:28.349Z info: Received log message: 44 单位获取成功: 
{
    "Hue": 10,
    "Saturation": -20,
    "Contrast": 28.6,
    "Brightness": -15.7,
    "level": 3
}
2024-06-28T06:37:28.350Z info: Received log message: 44 单位获取成功: 
{
    "Hue": 0,
    "Saturation": 10,
    "Contrast": 0,
    "Brightness": 20,
    "level": 8
}
2024-06-28T06:37:28.351Z info: Received log message: 44 单位获取成功: 
{
    "Hue": -10,
    "Saturation": -15,
    "Contrast": 42.9,
    "Brightness": -38.6,
    "level": 1
}
2024-06-28T06:37:28.353Z info: Received log message: 44 单位获取成功: 
{
    "Hue": 10,
    "Saturation": 0,
    "Contrast": 14.3,
    "Brightness": 0,
    "level": 5
}
2024-06-28T06:37:28.354Z info: Received log message: 44 单位获取成功: 
{
    "blueMultiplier": 0.5,
    "redMultiplier": 0.5,
    "Hue": 0,
    "Saturation": -20,
    "Contrast": 13.33,
    "Brightness": 33.33,
    "level": 5
}
2024-06-28T06:37:28.355Z info: Received log message: 44 单位获取成功: 
{
    "Hue": 0,
    "Saturation": 0,
    "Contrast": 0,
    "Brightness": 30,
    "level": 9
}
2024-06-28T06:37:28.356Z info: Received log message: 44 单位获取成功: 
{
    "Hue": 0,
    "Saturation": -30,
    "Contrast": 35.7,
    "Brightness": -27.1,
    "level": 2
}
2024-06-28T06:37:28.357Z info: Received log message: 44 单位获取成功: 
{
    "Hue": -20,
    "Saturation": -20,
    "Contrast": 50,
    "Brightness": -50,
    "level": 0
}
2024-06-28T06:37:28.358Z info: Received log message: 44 单位获取成功: 
{
    "Hue": 20,
    "Saturation": 0,
    "Contrast": 21.4,
    "Brightness": -4.3,
    "level": 4
}
2024-06-28T06:37:28.360Z info: Received log message: 44 单位获取成功: 
{
    "Hue": 0,
    "Saturation": 0,
    "Contrast": 7.1,
    "Brightness": 0,
    "level": 6
}
2024-06-28T06:37:28.368Z info: Received log message: 44 单位获取成功: 
{
    "Hue": 0,
    "Saturation": 0,
    "Contrast": 0,
    "Brightness": 0,
    "level": 7
}
2024-06-28T06:37:28.369Z info: Received log message: 44 单位获取成功: 
{
    "Hue": 0,
    "Saturation": 0,
    "Contrast": 0,
    "Brightness": 0,
    "level": 7
}
2024-06-28T06:37:28.370Z info: Received log message: 44 单位获取成功: 
{
    "Hue": 0,
    "Saturation": 10,
    "Contrast": 0,
    "Brightness": 15,
    "level": 8
}
2024-06-28T06:37:28.372Z info: Received log message: 44 单位获取成功: 
{
    "Hue": 0,
    "Saturation": 0,
    "Contrast": 7.1,
    "Brightness": 0,
    "level": 6
}
2024-06-28T06:37:28.373Z info: Received log message: 44 单位获取成功: 
{
    "Hue": 0,
    "Saturation": 20,
    "Contrast": 0,
    "Brightness": 30,
    "level": 9
}
2024-06-28T06:37:28.374Z info: Received log message: 44 单位获取成功: 
{
    "Hue": 0,
    "Saturation": -10,
    "Contrast": 35.7,
    "Brightness": -27.1,
    "level": 2
}
2024-06-28T06:37:28.375Z info: Received log message: 44 色彩预设表已成功加载并配置。
2024-06-28T06:37:28.376Z info: Received log message: 44 单位获取成功: 
{
    "blueMultiplier": 0.3,
    "greenMultiplier": 1,
    "redMultiplier": 0.3,
    "Hue": 0,
    "Saturation": 0,
    "Contrast": 20,
    "Brightness": 50,
    "level": 4
}
2024-06-28T06:37:28.386Z info: Received log message: 44 单位获取成功: 
{
    "Hue": 10,
    "Saturation": 0,
    "Contrast": 14.3,
    "Brightness": 0,
    "level": 5
}
2024-06-28T06:37:28.387Z info: Received log message: 44 单位获取成功: 
{
    "Hue": 0,
    "Saturation": 0,
    "Contrast": 0,
    "Brightness": 30,
    "level": 9
}
2024-06-28T06:37:28.388Z info: Received log message: 44 单位获取成功: 
{
    "Hue": 10,
    "Saturation": -5,
    "Contrast": 28.6,
    "Brightness": -15.7,
    "level": 3
}
2024-06-28T06:37:28.390Z info: Received log message: 44 单位获取成功: 
{
    "blueMultiplier": 0.15,
    "greenMultiplier": 1,
    "redMultiplier": 0.15,
    "Hue": 0,
    "Saturation": 0,
    "Contrast": 30,
    "Brightness": 25,
    "level": 2
}
2024-06-28T06:37:28.391Z info: Received log message: 44 单位获取成功: 
{
    "Hue": 0,
    "Saturation": 0,
    "Contrast": 0,
    "Brightness": 20,
    "level": 8
}
2024-06-28T06:37:28.393Z info: Received log message: 44 单位获取成功: 
{
    "Hue": -10,
    "Saturation": -40,
    "Contrast": 42.9,
    "Brightness": -38.6,
    "level": 1
}
2024-06-28T06:37:28.402Z info: Received log message: 44 单位获取成功: 
{
    "Hue": 20,
    "Saturation": -10,
    "Contrast": 21.4,
    "Brightness": -4.3,
    "level": 4
}
2024-06-28T06:37:28.403Z info: Received log message: 44 单位获取成功: 
{
    "blueMultiplier": 0.15,
    "greenMultiplier": 1,
    "redMultiplier": 0.15,
    "Hue": 0,
    "Saturation": 0,
    "Contrast": 50,
    "Brightness": 0,
    "level": 0
}
2024-06-28T06:37:54.142Z info: Received log message: 795 身体_引用 电感切割刃_挂载披风周期将军披风 将军披风 undefined
2024-06-28T06:37:54.144Z info: Received log message: 795 创建物件 {}
2024-06-28T06:41:33.734Z info: Received log message: 44 色彩预设表已成功加载并配置。
2024-06-28T06:41:33.735Z info: Received log message: 44 单位获取成功: 
{
    "blueMultiplier": 0.2,
    "greenMultiplier": 1,
    "redMultiplier": 0.2,
    "Hue": 0,
    "Saturation": 0,
    "Contrast": 15,
    "Brightness": 32.5,
    "level": 3
}
2024-06-28T06:41:33.740Z info: Received log message: 44 单位获取成功: 
{
    "Hue": 0,
    "Saturation": 0,
    "Contrast": 0,
    "Brightness": 30,
    "level": 9
}
2024-06-28T06:41:33.742Z info: Received log message: 44 单位获取成功: 
{
    "blueMultiplier": 0.15,
    "greenMultiplier": 1,
    "redMultiplier": 0.15,
    "Hue": 0,
    "Saturation": 0,
    "Contrast": 50,
    "Brightness": 0,
    "level": 0
}
2024-06-28T06:41:33.743Z info: Received log message: 44 单位获取成功: 
{
    "blueMultiplier": 0.5,
    "redMultiplier": 0.5,
    "Hue": 0,
    "Saturation": -20,
    "Contrast": 13.33,
    "Brightness": 33.33,
    "level": 5
}
2024-06-28T06:41:33.744Z info: Received log message: 44 单位获取成功: 
{
    "Hue": 0,
    "Saturation": 0,
    "Contrast": 7.1,
    "Brightness": 0,
    "level": 6
}
2024-06-28T06:41:33.745Z info: Received log message: 44 单位获取成功: 
{
    "Hue": 10,
    "Saturation": -20,
    "Contrast": 28.6,
    "Brightness": -15.7,
    "level": 3
}
2024-06-28T06:41:33.746Z info: Received log message: 44 单位获取成功: 
{
    "Hue": 0,
    "Saturation": -10,
    "Contrast": 35.7,
    "Brightness": -27.1,
    "level": 2
}
2024-06-28T06:41:33.747Z info: Received log message: 44 单位获取成功: 
{
    "blueMultiplier": 0.3,
    "greenMultiplier": 1,
    "redMultiplier": 0.3,
    "Hue": 0,
    "Saturation": 0,
    "Contrast": 20,
    "Brightness": 50,
    "level": 4
}
2024-06-28T06:41:33.748Z info: Received log message: 44 单位获取成功: 
{
    "Hue": 20,
    "Saturation": -10,
    "Contrast": 21.4,
    "Brightness": -4.3,
    "level": 4
}
2024-06-28T06:41:33.749Z info: Received log message: 44 单位获取成功: 
{
    "Hue": 10,
    "Saturation": -5,
    "Contrast": 28.6,
    "Brightness": -15.7,
    "level": 3
}
2024-06-28T06:41:33.751Z info: Received log message: 44 单位获取成功: 
{
    "blueMultiplier": 0.8,
    "redMultiplier": 0.8,
    "Hue": 0,
    "Saturation": -10,
    "Contrast": 6.67,
    "Brightness": 16.67,
    "level": 6
}
2024-06-28T06:41:33.759Z info: Received log message: 44 单位获取成功: 
{
    "Hue": 0,
    "Saturation": 0,
    "Contrast": 0,
    "Brightness": 0,
    "level": 7
}
2024-06-28T06:41:33.760Z info: Received log message: 44 单位获取成功: 
{
    "Hue": 0,
    "Saturation": 0,
    "Contrast": 7.1,
    "Brightness": 0,
    "level": 6
}
2024-06-28T06:41:33.761Z info: Received log message: 44 单位获取成功: 
{
    "Hue": 0,
    "Saturation": 0,
    "Contrast": 0,
    "Brightness": 0,
    "level": 7
}
2024-06-28T06:41:33.763Z info: Received log message: 44 单位获取成功: 
{
    "Hue": 0,
    "Saturation": 20,
    "Contrast": 0,
    "Brightness": 30,
    "level": 9
}
2024-06-28T06:41:33.764Z info: Received log message: 44 单位获取成功: 
{
    "Hue": 0,
    "Saturation": -30,
    "Contrast": 35.7,
    "Brightness": -27.1,
    "level": 2
}
2024-06-28T06:41:33.765Z info: Received log message: 44 单位获取成功: 
{
    "Hue": 0,
    "Saturation": 0,
    "Contrast": 0,
    "Brightness": 20,
    "level": 8
}
2024-06-28T06:41:33.766Z info: Received log message: 44 单位获取成功: 
{
    "Hue": 10,
    "Saturation": 0,
    "Contrast": 14.3,
    "Brightness": 0,
    "level": 5
}
2024-06-28T06:41:33.774Z info: Received log message: 44 单位获取成功: 
{
    "Hue": -20,
    "Saturation": -20,
    "Contrast": 50,
    "Brightness": -50,
    "level": 0
}
2024-06-28T06:41:33.776Z info: Received log message: 44 单位获取成功: 
{
    "Hue": 0,
    "Saturation": 0,
    "Contrast": 0,
    "Brightness": 0,
    "level": 7
}
2024-06-28T06:41:33.777Z info: Received log message: 44 单位获取成功: 
{
    "Hue": 0,
    "Saturation": 10,
    "Contrast": 0,
    "Brightness": 15,
    "level": 8
}
2024-06-28T06:41:33.779Z info: Received log message: 44 单位获取成功: 
{
    "Hue": -10,
    "Saturation": -15,
    "Contrast": 42.9,
    "Brightness": -38.6,
    "level": 1
}
2024-06-28T06:41:33.780Z info: Received log message: 44 单位获取成功: 
{
    "Hue": -20,
    "Saturation": -50,
    "Contrast": 50,
    "Brightness": -50,
    "level": 0
}
2024-06-28T06:41:33.781Z info: Received log message: 44 单位获取成功: 
{
    "Hue": 10,
    "Saturation": 0,
    "Contrast": 14.3,
    "Brightness": 0,
    "level": 5
}
2024-06-28T06:41:33.782Z info: Received log message: 44 单位获取成功: 
{
    "Hue": 20,
    "Saturation": 0,
    "Contrast": 21.4,
    "Brightness": -4.3,
    "level": 4
}
2024-06-28T06:41:33.783Z info: Received log message: 44 单位获取成功: 
{
    "Hue": 0,
    "Saturation": 10,
    "Contrast": 0,
    "Brightness": 20,
    "level": 8
}
2024-06-28T06:41:33.794Z info: Received log message: 44 单位获取成功: 
{
    "Hue": -10,
    "Saturation": -40,
    "Contrast": 42.9,
    "Brightness": -38.6,
    "level": 1
}
2024-06-28T06:41:33.795Z info: Received log message: 44 单位获取成功: 
{
    "blueMultiplier": 0.15,
    "greenMultiplier": 1,
    "redMultiplier": 0.15,
    "Hue": 0,
    "Saturation": 0,
    "Contrast": 40,
    "Brightness": 15,
    "level": 1
}
2024-06-28T06:41:33.797Z info: Received log message: 44 单位获取成功: 
{
    "blueMultiplier": 0.15,
    "greenMultiplier": 1,
    "redMultiplier": 0.15,
    "Hue": 0,
    "Saturation": 0,
    "Contrast": 30,
    "Brightness": 25,
    "level": 2
}
2024-06-28T06:41:33.799Z info: Received log message: 44 单位获取成功: 
{
    "Hue": 0,
    "Saturation": 0,
    "Contrast": 0,
    "Brightness": 30,
    "level": 9
}
2024-06-28T06:41:40.353Z info: Received log message: 215 身体_引用 电感切割刃_挂载披风周期将军披风 将军披风 _level0.gameworld.玩家0.底层背景.电感切割刃_挂载披风周期将军披风
2024-06-28T06:41:40.354Z info: Received log message: 215 创建物件 {}
2024-06-28T06:41:47.758Z info: Received log message: 429 身体_引用 电感切割刃_挂载披风周期将军披风 将军披风 _level0.gameworld.玩家0.底层背景.电感切割刃_挂载披风周期将军披风
2024-06-28T06:41:47.760Z info: Received log message: 429 创建物件 {}
2024-06-28T06:41:55.160Z info: Received log message: 644 读取缓存 {}
2024-06-28T06:41:55.162Z info: Received log message: 644 身体_引用 电感切割刃_挂载披风周期将军披风 将军披风 _level0.gameworld.玩家0.底层背景.电感切割刃_挂载披风周期将军披风
2024-06-28T06:42:00.875Z info: Received log message: 810 读取缓存 {}
2024-06-28T06:42:00.876Z info: Received log message: 810 身体_引用 电感切割刃_挂载披风周期将军披风 将军披风 
2024-06-28T06:42:08.409Z info: Received log message: 1030 读取缓存 {}
2024-06-28T06:42:08.411Z info: Received log message: 1030 身体_引用 电感切割刃_挂载披风周期将军披风 将军披风 
2024-06-28T06:42:11.033Z info: Received log message: 1101 身体_引用 电感切割刃_挂载披风周期将军披风 将军披风 _level0.gameworld.玩家0.底层背景.电感切割刃_挂载披风周期将军披风
2024-06-28T06:42:11.035Z info: Received log message: 1101 创建物件 {}
2024-06-28T06:43:35.299Z info: Received log message: 44 单位获取成功: 
{
    "Hue": 0,
    "Saturation": 0,
    "Contrast": 0,
    "Brightness": 0,
    "level": 7
}
2024-06-28T06:43:35.301Z info: Received log message: 44 单位获取成功: 
{
    "blueMultiplier": 0.3,
    "greenMultiplier": 1,
    "redMultiplier": 0.3,
    "Hue": 0,
    "Saturation": 0,
    "Contrast": 20,
    "Brightness": 50,
    "level": 4
}
2024-06-28T06:43:35.304Z info: Received log message: 44 单位获取成功: 
{
    "Hue": 20,
    "Saturation": 0,
    "Contrast": 21.4,
    "Brightness": -4.3,
    "level": 4
}
2024-06-28T06:43:35.306Z info: Received log message: 44 单位获取成功: 
{
    "Hue": 0,
    "Saturation": 0,
    "Contrast": 0,
    "Brightness": 30,
    "level": 9
}
2024-06-28T06:43:35.307Z info: Received log message: 44 色彩预设表已成功加载并配置。
2024-06-28T06:43:35.308Z info: Received log message: 44 单位获取成功: 
{
    "Hue": 0,
    "Saturation": 0,
    "Contrast": 0,
    "Brightness": 0,
    "level": 7
}
2024-06-28T06:43:35.310Z info: Received log message: 44 单位获取成功: 
{
    "Hue": 0,
    "Saturation": 10,
    "Contrast": 0,
    "Brightness": 15,
    "level": 8
}
2024-06-28T06:43:35.311Z info: Received log message: 44 单位获取成功: 
{
    "Hue": 0,
    "Saturation": -30,
    "Contrast": 35.7,
    "Brightness": -27.1,
    "level": 2
}
2024-06-28T06:43:35.312Z info: Received log message: 44 单位获取成功: 
{
    "Hue": -20,
    "Saturation": -20,
    "Contrast": 50,
    "Brightness": -50,
    "level": 0
}
2024-06-28T06:43:35.320Z info: Received log message: 44 单位获取成功: 
{
    "Hue": 0,
    "Saturation": 0,
    "Contrast": 0,
    "Brightness": 0,
    "level": 7
}
2024-06-28T06:43:35.322Z info: Received log message: 44 单位获取成功: 
{
    "Hue": 0,
    "Saturation": 0,
    "Contrast": 7.1,
    "Brightness": 0,
    "level": 6
}
2024-06-28T06:43:35.323Z info: Received log message: 44 单位获取成功: 
{
    "Hue": -10,
    "Saturation": -15,
    "Contrast": 42.9,
    "Brightness": -38.6,
    "level": 1
}
2024-06-28T06:43:35.324Z info: Received log message: 44 单位获取成功: 
{
    "Hue": 10,
    "Saturation": -20,
    "Contrast": 28.6,
    "Brightness": -15.7,
    "level": 3
}
2024-06-28T06:43:35.325Z info: Received log message: 44 单位获取成功: 
{
    "Hue": 0,
    "Saturation": -10,
    "Contrast": 35.7,
    "Brightness": -27.1,
    "level": 2
}
2024-06-28T06:43:35.326Z info: Received log message: 44 单位获取成功: 
{
    "Hue": 10,
    "Saturation": 0,
    "Contrast": 14.3,
    "Brightness": 0,
    "level": 5
}
2024-06-28T06:43:35.327Z info: Received log message: 44 单位获取成功: 
{
    "blueMultiplier": 0.8,
    "redMultiplier": 0.8,
    "Hue": 0,
    "Saturation": -10,
    "Contrast": 6.67,
    "Brightness": 16.67,
    "level": 6
}
2024-06-28T06:43:35.329Z info: Received log message: 44 单位获取成功: 
{
    "blueMultiplier": 0.15,
    "greenMultiplier": 1,
    "redMultiplier": 0.15,
    "Hue": 0,
    "Saturation": 0,
    "Contrast": 30,
    "Brightness": 25,
    "level": 2
}
2024-06-28T06:43:35.331Z info: Received log message: 44 单位获取成功: 
{
    "blueMultiplier": 0.5,
    "redMultiplier": 0.5,
    "Hue": 0,
    "Saturation": -20,
    "Contrast": 13.33,
    "Brightness": 33.33,
    "level": 5
}
2024-06-28T06:43:35.332Z info: Received log message: 44 单位获取成功: 
{
    "Hue": 20,
    "Saturation": -10,
    "Contrast": 21.4,
    "Brightness": -4.3,
    "level": 4
}
2024-06-28T06:43:35.333Z info: Received log message: 44 单位获取成功: 
{
    "Hue": 0,
    "Saturation": 0,
    "Contrast": 7.1,
    "Brightness": 0,
    "level": 6
}
2024-06-28T06:43:35.334Z info: Received log message: 44 单位获取成功: 
{
    "Hue": -20,
    "Saturation": -50,
    "Contrast": 50,
    "Brightness": -50,
    "level": 0
}
2024-06-28T06:43:35.336Z info: Received log message: 44 单位获取成功: 
{
    "blueMultiplier": 0.15,
    "greenMultiplier": 1,
    "redMultiplier": 0.15,
    "Hue": 0,
    "Saturation": 0,
    "Contrast": 50,
    "Brightness": 0,
    "level": 0
}
2024-06-28T06:43:35.337Z info: Received log message: 44 单位获取成功: 
{
    "Hue": 10,
    "Saturation": 0,
    "Contrast": 14.3,
    "Brightness": 0,
    "level": 5
}
2024-06-28T06:43:35.338Z info: Received log message: 44 单位获取成功: 
{
    "Hue": 0,
    "Saturation": 10,
    "Contrast": 0,
    "Brightness": 20,
    "level": 8
}
2024-06-28T06:43:35.339Z info: Received log message: 44 单位获取成功: 
{
    "blueMultiplier": 0.2,
    "greenMultiplier": 1,
    "redMultiplier": 0.2,
    "Hue": 0,
    "Saturation": 0,
    "Contrast": 15,
    "Brightness": 32.5,
    "level": 3
}
2024-06-28T06:43:35.341Z info: Received log message: 44 单位获取成功: 
{
    "Hue": 0,
    "Saturation": 0,
    "Contrast": 0,
    "Brightness": 20,
    "level": 8
}
2024-06-28T06:43:35.342Z info: Received log message: 44 单位获取成功: 
{
    "Hue": -10,
    "Saturation": -40,
    "Contrast": 42.9,
    "Brightness": -38.6,
    "level": 1
}
2024-06-28T06:43:35.343Z info: Received log message: 44 单位获取成功: 
{
    "Hue": 10,
    "Saturation": -5,
    "Contrast": 28.6,
    "Brightness": -15.7,
    "level": 3
}
2024-06-28T06:43:35.351Z info: Received log message: 44 单位获取成功: 
{
    "Hue": 0,
    "Saturation": 20,
    "Contrast": 0,
    "Brightness": 30,
    "level": 9
}
2024-06-28T06:43:35.352Z info: Received log message: 44 单位获取成功: 
{
    "Hue": 0,
    "Saturation": 0,
    "Contrast": 0,
    "Brightness": 30,
    "level": 9
}
2024-06-28T06:43:35.355Z info: Received log message: 44 单位获取成功: 
{
    "blueMultiplier": 0.15,
    "greenMultiplier": 1,
    "redMultiplier": 0.15,
    "Hue": 0,
    "Saturation": 0,
    "Contrast": 40,
    "Brightness": 15,
    "level": 1
}
2024-06-28T06:45:23.576Z info: Received log message: 3269 创建物件 {}
2024-06-28T06:45:33.403Z info: Received log message: 3553 读取缓存 {}
2024-06-28T06:45:37.147Z info: Received log message: 3660 读取缓存 {}
2024-06-28T07:00:29.756Z info: Received log message: 44 单位获取成功: 
{
    "Hue": 0,
    "Saturation": 0,
    "Contrast": 7.1,
    "Brightness": 0,
    "level": 6
}
2024-06-28T07:00:29.758Z info: Received log message: 44 单位获取成功: 
{
    "blueMultiplier": 0.15,
    "greenMultiplier": 1,
    "redMultiplier": 0.15,
    "Hue": 0,
    "Saturation": 0,
    "Contrast": 40,
    "Brightness": 15,
    "level": 1
}
2024-06-28T07:00:29.764Z info: Received log message: 44 单位获取成功: 
{
    "Hue": 10,
    "Saturation": -20,
    "Contrast": 28.6,
    "Brightness": -15.7,
    "level": 3
}
2024-06-28T07:00:29.767Z info: Received log message: 44 单位获取成功: 
{
    "Hue": 0,
    "Saturation": 0,
    "Contrast": 0,
    "Brightness": 30,
    "level": 9
}
2024-06-28T07:00:29.768Z info: Received log message: 44 单位获取成功: 
{
    "Hue": 0,
    "Saturation": -30,
    "Contrast": 35.7,
    "Brightness": -27.1,
    "level": 2
}
2024-06-28T07:00:29.769Z info: Received log message: 44 单位获取成功: 
{
    "Hue": 0,
    "Saturation": 10,
    "Contrast": 0,
    "Brightness": 20,
    "level": 8
}
2024-06-28T07:00:29.771Z info: Received log message: 44 色彩预设表已成功加载并配置。
2024-06-28T07:00:29.771Z info: Received log message: 44 单位获取成功: 
{
    "Hue": 10,
    "Saturation": -5,
    "Contrast": 28.6,
    "Brightness": -15.7,
    "level": 3
}
2024-06-28T07:00:29.773Z info: Received log message: 44 单位获取成功: 
{
    "Hue": 0,
    "Saturation": 0,
    "Contrast": 7.1,
    "Brightness": 0,
    "level": 6
}
2024-06-28T07:00:29.774Z info: Received log message: 44 单位获取成功: 
{
    "blueMultiplier": 0.15,
    "greenMultiplier": 1,
    "redMultiplier": 0.15,
    "Hue": 0,
    "Saturation": 0,
    "Contrast": 30,
    "Brightness": 25,
    "level": 2
}
2024-06-28T07:00:29.777Z info: Received log message: 44 单位获取成功: 
{
    "Hue": 0,
    "Saturation": 10,
    "Contrast": 0,
    "Brightness": 15,
    "level": 8
}
2024-06-28T07:00:29.778Z info: Received log message: 44 单位获取成功: 
{
    "Hue": 10,
    "Saturation": 0,
    "Contrast": 14.3,
    "Brightness": 0,
    "level": 5
}
2024-06-28T07:00:29.780Z info: Received log message: 44 单位获取成功: 
{
    "blueMultiplier": 0.5,
    "redMultiplier": 0.5,
    "Hue": 0,
    "Saturation": -20,
    "Contrast": 13.33,
    "Brightness": 33.33,
    "level": 5
}
2024-06-28T07:00:29.781Z info: Received log message: 44 单位获取成功: 
{
    "Hue": -20,
    "Saturation": -50,
    "Contrast": 50,
    "Brightness": -50,
    "level": 0
}
2024-06-28T07:00:29.790Z info: Received log message: 44 单位获取成功: 
{
    "blueMultiplier": 0.15,
    "greenMultiplier": 1,
    "redMultiplier": 0.15,
    "Hue": 0,
    "Saturation": 0,
    "Contrast": 50,
    "Brightness": 0,
    "level": 0
}
2024-06-28T07:00:29.794Z info: Received log message: 44 单位获取成功: 
{
    "blueMultiplier": 0.2,
    "greenMultiplier": 1,
    "redMultiplier": 0.2,
    "Hue": 0,
    "Saturation": 0,
    "Contrast": 15,
    "Brightness": 32.5,
    "level": 3
}
2024-06-28T07:00:29.796Z info: Received log message: 44 单位获取成功: 
{
    "Hue": 0,
    "Saturation": 0,
    "Contrast": 0,
    "Brightness": 0,
    "level": 7
}
2024-06-28T07:00:29.799Z info: Received log message: 44 单位获取成功: 
{
    "blueMultiplier": 0.3,
    "greenMultiplier": 1,
    "redMultiplier": 0.3,
    "Hue": 0,
    "Saturation": 0,
    "Contrast": 20,
    "Brightness": 50,
    "level": 4
}
2024-06-28T07:00:29.801Z info: Received log message: 44 单位获取成功: 
{
    "Hue": 20,
    "Saturation": -10,
    "Contrast": 21.4,
    "Brightness": -4.3,
    "level": 4
}
2024-06-28T07:00:29.802Z info: Received log message: 44 单位获取成功: 
{
    "Hue": 0,
    "Saturation": 0,
    "Contrast": 0,
    "Brightness": 20,
    "level": 8
}
2024-06-28T07:00:29.804Z info: Received log message: 44 单位获取成功: 
{
    "blueMultiplier": 0.8,
    "redMultiplier": 0.8,
    "Hue": 0,
    "Saturation": -10,
    "Contrast": 6.67,
    "Brightness": 16.67,
    "level": 6
}
2024-06-28T07:00:29.805Z info: Received log message: 44 单位获取成功: 
{
    "Hue": -20,
    "Saturation": -20,
    "Contrast": 50,
    "Brightness": -50,
    "level": 0
}
2024-06-28T07:00:29.807Z info: Received log message: 44 单位获取成功: 
{
    "Hue": 0,
    "Saturation": -10,
    "Contrast": 35.7,
    "Brightness": -27.1,
    "level": 2
}
2024-06-28T07:00:29.808Z info: Received log message: 44 单位获取成功: 
{
    "Hue": 0,
    "Saturation": 0,
    "Contrast": 0,
    "Brightness": 0,
    "level": 7
}
2024-06-28T07:00:29.813Z info: Received log message: 44 单位获取成功: 
{
    "Hue": 0,
    "Saturation": 0,
    "Contrast": 0,
    "Brightness": 0,
    "level": 7
}
2024-06-28T07:00:29.821Z info: Received log message: 44 单位获取成功: 
{
    "Hue": 20,
    "Saturation": 0,
    "Contrast": 21.4,
    "Brightness": -4.3,
    "level": 4
}
2024-06-28T07:00:29.823Z info: Received log message: 44 单位获取成功: 
{
    "Hue": -10,
    "Saturation": -15,
    "Contrast": 42.9,
    "Brightness": -38.6,
    "level": 1
}
2024-06-28T07:00:29.824Z info: Received log message: 44 单位获取成功: 
{
    "Hue": 10,
    "Saturation": 0,
    "Contrast": 14.3,
    "Brightness": 0,
    "level": 5
}
2024-06-28T07:00:29.830Z info: Received log message: 44 单位获取成功: 
{
    "Hue": 0,
    "Saturation": 0,
    "Contrast": 0,
    "Brightness": 30,
    "level": 9
}
2024-06-28T07:00:29.832Z info: Received log message: 44 单位获取成功: 
{
    "Hue": 0,
    "Saturation": 20,
    "Contrast": 0,
    "Brightness": 30,
    "level": 9
}
2024-06-28T07:00:29.833Z info: Received log message: 44 单位获取成功: 
{
    "Hue": -10,
    "Saturation": -40,
    "Contrast": 42.9,
    "Brightness": -38.6,
    "level": 1
}
2024-06-28T07:11:52.679Z info: Received log message: 20504 创建物件 {}
2024-06-28T07:11:56.727Z info: Received log message: 20621 读取缓存 {}
2024-06-28T07:12:01.367Z info: Received log message: 20755 读取缓存 {}
2024-06-28T07:12:04.185Z info: Received log message: 20830 创建物件 {}
2024-06-28T07:12:06.738Z info: Received log message: 20901 创建物件 {}
2024-06-28T07:12:51.595Z info: Received log message: 44 单位获取成功: 
{
    "Hue": 10,
    "Saturation": -20,
    "Contrast": 28.6,
    "Brightness": -15.7,
    "level": 3
}
2024-06-28T07:12:51.597Z info: Received log message: 44 单位获取成功: 
{
    "Hue": 0,
    "Saturation": 10,
    "Contrast": 0,
    "Brightness": 20,
    "level": 8
}
2024-06-28T07:12:51.602Z info: Received log message: 44 单位获取成功: 
{
    "Hue": -20,
    "Saturation": -20,
    "Contrast": 50,
    "Brightness": -50,
    "level": 0
}
2024-06-28T07:12:51.603Z info: Received log message: 44 单位获取成功: 
{
    "Hue": -10,
    "Saturation": -15,
    "Contrast": 42.9,
    "Brightness": -38.6,
    "level": 1
}
2024-06-28T07:12:51.604Z info: Received log message: 44 单位获取成功: 
{
    "blueMultiplier": 0.2,
    "greenMultiplier": 1,
    "redMultiplier": 0.2,
    "Hue": 0,
    "Saturation": 0,
    "Contrast": 15,
    "Brightness": 32.5,
    "level": 3
}
2024-06-28T07:12:51.604Z info: Received log message: 44 单位获取成功: 
{
    "Hue": 10,
    "Saturation": 0,
    "Contrast": 14.3,
    "Brightness": 0,
    "level": 5
}
2024-06-28T07:12:51.605Z info: Received log message: 44 单位获取成功: 
{
    "Hue": 20,
    "Saturation": 0,
    "Contrast": 21.4,
    "Brightness": -4.3,
    "level": 4
}
2024-06-28T07:12:51.607Z info: Received log message: 44 单位获取成功: 
{
    "Hue": -10,
    "Saturation": -40,
    "Contrast": 42.9,
    "Brightness": -38.6,
    "level": 1
}
2024-06-28T07:12:51.609Z info: Received log message: 44 单位获取成功: 
{
    "Hue": 0,
    "Saturation": 10,
    "Contrast": 0,
    "Brightness": 15,
    "level": 8
}
2024-06-28T07:12:51.611Z info: Received log message: 44 单位获取成功: 
{
    "Hue": 0,
    "Saturation": 0,
    "Contrast": 0,
    "Brightness": 0,
    "level": 7
}
2024-06-28T07:12:51.612Z info: Received log message: 44 单位获取成功: 
{
    "blueMultiplier": 0.3,
    "greenMultiplier": 1,
    "redMultiplier": 0.3,
    "Hue": 0,
    "Saturation": 0,
    "Contrast": 20,
    "Brightness": 50,
    "level": 4
}
2024-06-28T07:12:51.614Z info: Received log message: 44 单位获取成功: 
{
    "blueMultiplier": 0.15,
    "greenMultiplier": 1,
    "redMultiplier": 0.15,
    "Hue": 0,
    "Saturation": 0,
    "Contrast": 40,
    "Brightness": 15,
    "level": 1
}
2024-06-28T07:12:51.622Z info: Received log message: 44 单位获取成功: 
{
    "Hue": 0,
    "Saturation": 0,
    "Contrast": 7.1,
    "Brightness": 0,
    "level": 6
}
2024-06-28T07:12:51.623Z info: Received log message: 44 色彩预设表已成功加载并配置。
2024-06-28T07:12:51.624Z info: Received log message: 44 单位获取成功: 
{
    "blueMultiplier": 0.8,
    "redMultiplier": 0.8,
    "Hue": 0,
    "Saturation": -10,
    "Contrast": 6.67,
    "Brightness": 16.67,
    "level": 6
}
2024-06-28T07:12:51.627Z info: Received log message: 44 单位获取成功: 
{
    "Hue": 0,
    "Saturation": 0,
    "Contrast": 0,
    "Brightness": 0,
    "level": 7
}
2024-06-28T07:12:51.629Z info: Received log message: 44 单位获取成功: 
{
    "Hue": 0,
    "Saturation": 0,
    "Contrast": 7.1,
    "Brightness": 0,
    "level": 6
}
2024-06-28T07:12:51.632Z info: Received log message: 44 单位获取成功: 
{
    "Hue": 0,
    "Saturation": 0,
    "Contrast": 0,
    "Brightness": 30,
    "level": 9
}
2024-06-28T07:12:51.638Z info: Received log message: 44 单位获取成功: 
{
    "Hue": 0,
    "Saturation": 0,
    "Contrast": 0,
    "Brightness": 30,
    "level": 9
}
2024-06-28T07:12:51.640Z info: Received log message: 44 单位获取成功: 
{
    "Hue": 0,
    "Saturation": -10,
    "Contrast": 35.7,
    "Brightness": -27.1,
    "level": 2
}
2024-06-28T07:12:51.641Z info: Received log message: 44 单位获取成功: 
{
    "Hue": 10,
    "Saturation": -5,
    "Contrast": 28.6,
    "Brightness": -15.7,
    "level": 3
}
2024-06-28T07:12:51.642Z info: Received log message: 44 单位获取成功: 
{
    "Hue": 20,
    "Saturation": -10,
    "Contrast": 21.4,
    "Brightness": -4.3,
    "level": 4
}
2024-06-28T07:12:51.644Z info: Received log message: 44 单位获取成功: 
{
    "Hue": 0,
    "Saturation": 0,
    "Contrast": 0,
    "Brightness": 20,
    "level": 8
}
2024-06-28T07:12:51.646Z info: Received log message: 44 单位获取成功: 
{
    "blueMultiplier": 0.15,
    "greenMultiplier": 1,
    "redMultiplier": 0.15,
    "Hue": 0,
    "Saturation": 0,
    "Contrast": 30,
    "Brightness": 25,
    "level": 2
}
2024-06-28T07:12:51.653Z info: Received log message: 44 单位获取成功: 
{
    "blueMultiplier": 0.15,
    "greenMultiplier": 1,
    "redMultiplier": 0.15,
    "Hue": 0,
    "Saturation": 0,
    "Contrast": 50,
    "Brightness": 0,
    "level": 0
}
2024-06-28T07:12:51.655Z info: Received log message: 44 单位获取成功: 
{
    "Hue": 0,
    "Saturation": -30,
    "Contrast": 35.7,
    "Brightness": -27.1,
    "level": 2
}
2024-06-28T07:12:51.660Z info: Received log message: 44 单位获取成功: 
{
    "Hue": 0,
    "Saturation": 20,
    "Contrast": 0,
    "Brightness": 30,
    "level": 9
}
2024-06-28T07:12:51.662Z info: Received log message: 44 单位获取成功: 
{
    "blueMultiplier": 0.5,
    "redMultiplier": 0.5,
    "Hue": 0,
    "Saturation": -20,
    "Contrast": 13.33,
    "Brightness": 33.33,
    "level": 5
}
2024-06-28T07:12:51.669Z info: Received log message: 44 单位获取成功: 
{
    "Hue": 0,
    "Saturation": 0,
    "Contrast": 0,
    "Brightness": 0,
    "level": 7
}
2024-06-28T07:12:51.670Z info: Received log message: 44 单位获取成功: 
{
    "Hue": -20,
    "Saturation": -50,
    "Contrast": 50,
    "Brightness": -50,
    "level": 0
}
2024-06-28T07:12:51.671Z info: Received log message: 44 单位获取成功: 
{
    "Hue": 10,
    "Saturation": 0,
    "Contrast": 14.3,
    "Brightness": 0,
    "level": 5
}
2024-06-28T07:13:19.797Z info: Received log message: 874 创建物件 {}
2024-06-28T07:13:22.651Z info: Received log message: 955 读取缓存 {}
2024-06-28T07:13:28.149Z info: Received log message: 1115 创建物件 {}
2024-06-28T07:13:33.954Z info: Received log message: 1284 读取缓存 {}
2024-06-28T07:13:35.753Z info: Received log message: 1333 读取缓存 {}
2024-06-28T07:16:47.754Z info: Received log message: 44 单位获取成功: 
{
    "blueMultiplier": 0.8,
    "redMultiplier": 0.8,
    "Hue": 0,
    "Saturation": -10,
    "Contrast": 6.67,
    "Brightness": 16.67,
    "level": 6
}
2024-06-28T07:16:47.756Z info: Received log message: 44 单位获取成功: 
{
    "Hue": -10,
    "Saturation": -15,
    "Contrast": 42.9,
    "Brightness": -38.6,
    "level": 1
}
2024-06-28T07:16:47.760Z info: Received log message: 44 单位获取成功: 
{
    "Hue": -20,
    "Saturation": -20,
    "Contrast": 50,
    "Brightness": -50,
    "level": 0
}
2024-06-28T07:16:47.762Z info: Received log message: 44 单位获取成功: 
{
    "Hue": 0,
    "Saturation": 0,
    "Contrast": 0,
    "Brightness": 0,
    "level": 7
}
2024-06-28T07:16:47.764Z info: Received log message: 44 单位获取成功: 
{
    "Hue": 0,
    "Saturation": 0,
    "Contrast": 0,
    "Brightness": 30,
    "level": 9
}
2024-06-28T07:16:47.765Z info: Received log message: 44 单位获取成功: 
{
    "blueMultiplier": 0.5,
    "redMultiplier": 0.5,
    "Hue": 0,
    "Saturation": -20,
    "Contrast": 13.33,
    "Brightness": 33.33,
    "level": 5
}
2024-06-28T07:16:47.766Z info: Received log message: 44 单位获取成功: 
{
    "Hue": -20,
    "Saturation": -50,
    "Contrast": 50,
    "Brightness": -50,
    "level": 0
}
2024-06-28T07:16:47.767Z info: Received log message: 44 单位获取成功: 
{
    "Hue": -10,
    "Saturation": -40,
    "Contrast": 42.9,
    "Brightness": -38.6,
    "level": 1
}
2024-06-28T07:16:47.769Z info: Received log message: 44 单位获取成功: 
{
    "Hue": 0,
    "Saturation": 0,
    "Contrast": 7.1,
    "Brightness": 0,
    "level": 6
}
2024-06-28T07:16:47.771Z info: Received log message: 44 单位获取成功: 
{
    "Hue": 0,
    "Saturation": 10,
    "Contrast": 0,
    "Brightness": 20,
    "level": 8
}
2024-06-28T07:16:47.773Z info: Received log message: 44 单位获取成功: 
{
    "Hue": 10,
    "Saturation": -20,
    "Contrast": 28.6,
    "Brightness": -15.7,
    "level": 3
}
2024-06-28T07:16:47.773Z info: Received log message: 44 单位获取成功: 
{
    "Hue": 0,
    "Saturation": 20,
    "Contrast": 0,
    "Brightness": 30,
    "level": 9
}
2024-06-28T07:16:47.774Z info: Received log message: 44 单位获取成功: 
{
    "Hue": 10,
    "Saturation": 0,
    "Contrast": 14.3,
    "Brightness": 0,
    "level": 5
}
2024-06-28T07:16:47.776Z info: Received log message: 44 单位获取成功: 
{
    "Hue": 0,
    "Saturation": 0,
    "Contrast": 0,
    "Brightness": 0,
    "level": 7
}
2024-06-28T07:16:47.777Z info: Received log message: 44 单位获取成功: 
{
    "Hue": 0,
    "Saturation": 0,
    "Contrast": 0,
    "Brightness": 20,
    "level": 8
}
2024-06-28T07:16:47.783Z info: Received log message: 44 单位获取成功: 
{
    "Hue": 0,
    "Saturation": 0,
    "Contrast": 0,
    "Brightness": 30,
    "level": 9
}
2024-06-28T07:16:47.785Z info: Received log message: 44 单位获取成功: 
{
    "Hue": 0,
    "Saturation": 0,
    "Contrast": 7.1,
    "Brightness": 0,
    "level": 6
}
2024-06-28T07:16:47.789Z info: Received log message: 44 单位获取成功: 
{
    "Hue": 10,
    "Saturation": 0,
    "Contrast": 14.3,
    "Brightness": 0,
    "level": 5
}
2024-06-28T07:16:47.790Z info: Received log message: 44 单位获取成功: 
{
    "blueMultiplier": 0.15,
    "greenMultiplier": 1,
    "redMultiplier": 0.15,
    "Hue": 0,
    "Saturation": 0,
    "Contrast": 50,
    "Brightness": 0,
    "level": 0
}
2024-06-28T07:16:47.792Z info: Received log message: 44 单位获取成功: 
{
    "Hue": 20,
    "Saturation": -10,
    "Contrast": 21.4,
    "Brightness": -4.3,
    "level": 4
}
2024-06-28T07:16:47.795Z info: Received log message: 44 单位获取成功: 
{
    "blueMultiplier": 0.15,
    "greenMultiplier": 1,
    "redMultiplier": 0.15,
    "Hue": 0,
    "Saturation": 0,
    "Contrast": 30,
    "Brightness": 25,
    "level": 2
}
2024-06-28T07:16:47.802Z info: Received log message: 44 单位获取成功: 
{
    "blueMultiplier": 0.2,
    "greenMultiplier": 1,
    "redMultiplier": 0.2,
    "Hue": 0,
    "Saturation": 0,
    "Contrast": 15,
    "Brightness": 32.5,
    "level": 3
}
2024-06-28T07:16:47.805Z info: Received log message: 44 单位获取成功: 
{
    "Hue": 0,
    "Saturation": -30,
    "Contrast": 35.7,
    "Brightness": -27.1,
    "level": 2
}
2024-06-28T07:16:47.807Z info: Received log message: 44 单位获取成功: 
{
    "Hue": 10,
    "Saturation": -5,
    "Contrast": 28.6,
    "Brightness": -15.7,
    "level": 3
}
2024-06-28T07:16:47.809Z info: Received log message: 44 单位获取成功: 
{
    "blueMultiplier": 0.3,
    "greenMultiplier": 1,
    "redMultiplier": 0.3,
    "Hue": 0,
    "Saturation": 0,
    "Contrast": 20,
    "Brightness": 50,
    "level": 4
}
2024-06-28T07:16:47.817Z info: Received log message: 44 色彩预设表已成功加载并配置。
2024-06-28T07:16:47.818Z info: Received log message: 44 单位获取成功: 
{
    "Hue": 20,
    "Saturation": 0,
    "Contrast": 21.4,
    "Brightness": -4.3,
    "level": 4
}
2024-06-28T07:16:47.823Z info: Received log message: 44 单位获取成功: 
{
    "blueMultiplier": 0.15,
    "greenMultiplier": 1,
    "redMultiplier": 0.15,
    "Hue": 0,
    "Saturation": 0,
    "Contrast": 40,
    "Brightness": 15,
    "level": 1
}
2024-06-28T07:16:47.824Z info: Received log message: 44 单位获取成功: 
{
    "Hue": 0,
    "Saturation": 10,
    "Contrast": 0,
    "Brightness": 15,
    "level": 8
}
2024-06-28T07:16:47.826Z info: Received log message: 44 单位获取成功: 
{
    "Hue": 0,
    "Saturation": -10,
    "Contrast": 35.7,
    "Brightness": -27.1,
    "level": 2
}
2024-06-28T07:16:47.833Z info: Received log message: 44 单位获取成功: 
{
    "Hue": 0,
    "Saturation": 0,
    "Contrast": 0,
    "Brightness": 0,
    "level": 7
}
2024-06-28T07:16:53.532Z info: Received log message: 200 创建物件 {}
2024-06-28T07:17:10.836Z info: Received log message: 688 读取缓存 {}
2024-06-28T07:17:10.838Z info: Received log message: 688 创建物件 {}
2024-06-28T07:51:04.717Z info: Received log message: 44 单位获取成功: 
{
    "Hue": 0,
    "Saturation": 0,
    "Contrast": 0,
    "Brightness": 0,
    "level": 7
}
2024-06-28T07:51:04.718Z info: Received log message: 44 单位获取成功: 
{
    "Hue": 0,
    "Saturation": -30,
    "Contrast": 35.7,
    "Brightness": -27.1,
    "level": 2
}
2024-06-28T07:51:04.736Z info: Received log message: 44 单位获取成功: 
{
    "Hue": 0,
    "Saturation": 0,
    "Contrast": 0,
    "Brightness": 20,
    "level": 8
}
2024-06-28T07:51:04.737Z info: Received log message: 44 单位获取成功: 
{
    "Hue": -10,
    "Saturation": -40,
    "Contrast": 42.9,
    "Brightness": -38.6,
    "level": 1
}
2024-06-28T07:51:04.738Z info: Received log message: 44 单位获取成功: 
{
    "Hue": -10,
    "Saturation": -15,
    "Contrast": 42.9,
    "Brightness": -38.6,
    "level": 1
}
2024-06-28T07:51:04.739Z info: Received log message: 44 单位获取成功: 
{
    "Hue": 0,
    "Saturation": -10,
    "Contrast": 35.7,
    "Brightness": -27.1,
    "level": 2
}
2024-06-28T07:51:04.740Z info: Received log message: 44 单位获取成功: 
{
    "Hue": 0,
    "Saturation": 20,
    "Contrast": 0,
    "Brightness": 30,
    "level": 9
}
2024-06-28T07:51:04.741Z info: Received log message: 44 单位获取成功: 
{
    "blueMultiplier": 0.15,
    "greenMultiplier": 1,
    "redMultiplier": 0.15,
    "Hue": 0,
    "Saturation": 0,
    "Contrast": 50,
    "Brightness": 0,
    "level": 0
}
2024-06-28T07:51:04.742Z info: Received log message: 44 单位获取成功: 
{
    "Hue": 0,
    "Saturation": 10,
    "Contrast": 0,
    "Brightness": 15,
    "level": 8
}
2024-06-28T07:51:04.745Z info: Received log message: 44 单位获取成功: 
{
    "Hue": 10,
    "Saturation": 0,
    "Contrast": 14.3,
    "Brightness": 0,
    "level": 5
}
2024-06-28T07:51:04.747Z info: Received log message: 44 单位获取成功: 
{
    "blueMultiplier": 0.2,
    "greenMultiplier": 1,
    "redMultiplier": 0.2,
    "Hue": 0,
    "Saturation": 0,
    "Contrast": 15,
    "Brightness": 32.5,
    "level": 3
}
2024-06-28T07:51:04.748Z info: Received log message: 44 单位获取成功: 
{
    "blueMultiplier": 0.15,
    "greenMultiplier": 1,
    "redMultiplier": 0.15,
    "Hue": 0,
    "Saturation": 0,
    "Contrast": 40,
    "Brightness": 15,
    "level": 1
}
2024-06-28T07:51:04.756Z info: Received log message: 44 单位获取成功: 
{
    "blueMultiplier": 0.8,
    "redMultiplier": 0.8,
    "Hue": 0,
    "Saturation": -10,
    "Contrast": 6.67,
    "Brightness": 16.67,
    "level": 6
}
2024-06-28T07:51:04.759Z info: Received log message: 44 色彩预设表已成功加载并配置。
2024-06-28T07:51:04.761Z info: Received log message: 44 单位获取成功: 
{
    "Hue": 20,
    "Saturation": 0,
    "Contrast": 21.4,
    "Brightness": -4.3,
    "level": 4
}
2024-06-28T07:51:04.763Z info: Received log message: 44 单位获取成功: 
{
    "Hue": 20,
    "Saturation": -10,
    "Contrast": 21.4,
    "Brightness": -4.3,
    "level": 4
}
2024-06-28T07:51:04.766Z info: Received log message: 44 单位获取成功: 
{
    "Hue": 0,
    "Saturation": 0,
    "Contrast": 7.1,
    "Brightness": 0,
    "level": 6
}
2024-06-28T07:51:04.768Z info: Received log message: 44 单位获取成功: 
{
    "blueMultiplier": 0.15,
    "greenMultiplier": 1,
    "redMultiplier": 0.15,
    "Hue": 0,
    "Saturation": 0,
    "Contrast": 30,
    "Brightness": 25,
    "level": 2
}
2024-06-28T07:51:04.769Z info: Received log message: 44 单位获取成功: 
{
    "Hue": 0,
    "Saturation": 0,
    "Contrast": 0,
    "Brightness": 30,
    "level": 9
}
2024-06-28T07:51:04.770Z info: Received log message: 44 单位获取成功: 
{
    "Hue": -20,
    "Saturation": -20,
    "Contrast": 50,
    "Brightness": -50,
    "level": 0
}
2024-06-28T07:51:04.771Z info: Received log message: 44 单位获取成功: 
{
    "Hue": 0,
    "Saturation": 0,
    "Contrast": 0,
    "Brightness": 0,
    "level": 7
}
2024-06-28T07:51:04.772Z info: Received log message: 44 单位获取成功: 
{
    "Hue": 0,
    "Saturation": 0,
    "Contrast": 7.1,
    "Brightness": 0,
    "level": 6
}
2024-06-28T07:51:04.773Z info: Received log message: 44 单位获取成功: 
{
    "Hue": 0,
    "Saturation": 0,
    "Contrast": 0,
    "Brightness": 0,
    "level": 7
}
2024-06-28T07:51:04.774Z info: Received log message: 44 单位获取成功: 
{
    "Hue": 10,
    "Saturation": -5,
    "Contrast": 28.6,
    "Brightness": -15.7,
    "level": 3
}
2024-06-28T07:51:04.775Z info: Received log message: 44 单位获取成功: 
{
    "Hue": 10,
    "Saturation": -20,
    "Contrast": 28.6,
    "Brightness": -15.7,
    "level": 3
}
2024-06-28T07:51:04.777Z info: Received log message: 44 单位获取成功: 
{
    "blueMultiplier": 0.5,
    "redMultiplier": 0.5,
    "Hue": 0,
    "Saturation": -20,
    "Contrast": 13.33,
    "Brightness": 33.33,
    "level": 5
}
2024-06-28T07:51:04.779Z info: Received log message: 44 单位获取成功: 
{
    "Hue": 0,
    "Saturation": 0,
    "Contrast": 0,
    "Brightness": 30,
    "level": 9
}
2024-06-28T07:51:04.787Z info: Received log message: 44 单位获取成功: 
{
    "Hue": -20,
    "Saturation": -50,
    "Contrast": 50,
    "Brightness": -50,
    "level": 0
}
2024-06-28T07:51:04.788Z info: Received log message: 44 单位获取成功: 
{
    "Hue": 0,
    "Saturation": 10,
    "Contrast": 0,
    "Brightness": 20,
    "level": 8
}
2024-06-28T07:51:04.790Z info: Received log message: 44 单位获取成功: 
{
    "Hue": 10,
    "Saturation": 0,
    "Contrast": 14.3,
    "Brightness": 0,
    "level": 5
}
2024-06-28T07:51:04.791Z info: Received log message: 44 单位获取成功: 
{
    "blueMultiplier": 0.3,
    "greenMultiplier": 1,
    "redMultiplier": 0.3,
    "Hue": 0,
    "Saturation": 0,
    "Contrast": 20,
    "Brightness": 50,
    "level": 4
}
2024-06-28T07:51:48.530Z info: Received log message: 1328 创建物件 {}
2024-06-28T09:17:44.057Z info: Received log message: 44 单位获取成功: 
{
    "Hue": 0,
    "Saturation": -30,
    "Contrast": 35.7,
    "Brightness": -27.1,
    "level": 2
}
2024-06-28T09:17:44.061Z info: Received log message: 44 单位获取成功: 
{
    "Hue": 0,
    "Saturation": 0,
    "Contrast": 7.1,
    "Brightness": 0,
    "level": 6
}
2024-06-28T09:17:44.077Z info: Received log message: 44 单位获取成功: 
{
    "blueMultiplier": 0.8,
    "redMultiplier": 0.8,
    "Hue": 0,
    "Saturation": -10,
    "Contrast": 6.67,
    "Brightness": 16.67,
    "level": 6
}
2024-06-28T09:17:44.080Z info: Received log message: 44 单位获取成功: 
{
    "Hue": 0,
    "Saturation": 0,
    "Contrast": 0,
    "Brightness": 30,
    "level": 9
}
2024-06-28T09:17:44.082Z info: Received log message: 44 单位获取成功: 
{
    "Hue": -20,
    "Saturation": -50,
    "Contrast": 50,
    "Brightness": -50,
    "level": 0
}
2024-06-28T09:17:44.092Z info: Received log message: 44 单位获取成功: 
{
    "blueMultiplier": 0.5,
    "redMultiplier": 0.5,
    "Hue": 0,
    "Saturation": -20,
    "Contrast": 13.33,
    "Brightness": 33.33,
    "level": 5
}
2024-06-28T09:17:44.093Z info: Received log message: 44 单位获取成功: 
{
    "Hue": 10,
    "Saturation": -20,
    "Contrast": 28.6,
    "Brightness": -15.7,
    "level": 3
}
2024-06-28T09:17:44.095Z info: Received log message: 44 单位获取成功: 
{
    "Hue": 0,
    "Saturation": 0,
    "Contrast": 0,
    "Brightness": 30,
    "level": 9
}
2024-06-28T09:17:44.097Z info: Received log message: 44 单位获取成功: 
{
    "Hue": 0,
    "Saturation": 0,
    "Contrast": 0,
    "Brightness": 0,
    "level": 7
}
2024-06-28T09:17:44.099Z info: Received log message: 44 单位获取成功: 
{
    "Hue": 10,
    "Saturation": 0,
    "Contrast": 14.3,
    "Brightness": 0,
    "level": 5
}
2024-06-28T09:17:44.107Z info: Received log message: 44 单位获取成功: 
{
    "blueMultiplier": 0.2,
    "greenMultiplier": 1,
    "redMultiplier": 0.2,
    "Hue": 0,
    "Saturation": 0,
    "Contrast": 15,
    "Brightness": 32.5,
    "level": 3
}
2024-06-28T09:17:44.109Z info: Received log message: 44 单位获取成功: 
{
    "Hue": -20,
    "Saturation": -20,
    "Contrast": 50,
    "Brightness": -50,
    "level": 0
}
2024-06-28T09:17:44.111Z info: Received log message: 44 色彩预设表已成功加载并配置。
2024-06-28T09:17:44.114Z info: Received log message: 44 单位获取成功: 
{
    "Hue": 0,
    "Saturation": 20,
    "Contrast": 0,
    "Brightness": 30,
    "level": 9
}
2024-06-28T09:17:44.123Z info: Received log message: 44 单位获取成功: 
{
    "Hue": 0,
    "Saturation": -10,
    "Contrast": 35.7,
    "Brightness": -27.1,
    "level": 2
}
2024-06-28T09:17:44.124Z info: Received log message: 44 单位获取成功: 
{
    "Hue": 20,
    "Saturation": -10,
    "Contrast": 21.4,
    "Brightness": -4.3,
    "level": 4
}
2024-06-28T09:17:44.127Z info: Received log message: 44 单位获取成功: 
{
    "blueMultiplier": 0.15,
    "greenMultiplier": 1,
    "redMultiplier": 0.15,
    "Hue": 0,
    "Saturation": 0,
    "Contrast": 30,
    "Brightness": 25,
    "level": 2
}
2024-06-28T09:17:44.128Z info: Received log message: 44 单位获取成功: 
{
    "Hue": -10,
    "Saturation": -40,
    "Contrast": 42.9,
    "Brightness": -38.6,
    "level": 1
}
2024-06-28T09:17:44.129Z info: Received log message: 44 单位获取成功: 
{
    "Hue": -10,
    "Saturation": -15,
    "Contrast": 42.9,
    "Brightness": -38.6,
    "level": 1
}
2024-06-28T09:17:44.131Z info: Received log message: 44 单位获取成功: 
{
    "Hue": 10,
    "Saturation": 0,
    "Contrast": 14.3,
    "Brightness": 0,
    "level": 5
}
2024-06-28T09:17:44.139Z info: Received log message: 44 单位获取成功: 
{
    "Hue": 20,
    "Saturation": 0,
    "Contrast": 21.4,
    "Brightness": -4.3,
    "level": 4
}
2024-06-28T09:17:44.140Z info: Received log message: 44 单位获取成功: 
{
    "blueMultiplier": 0.15,
    "greenMultiplier": 1,
    "redMultiplier": 0.15,
    "Hue": 0,
    "Saturation": 0,
    "Contrast": 50,
    "Brightness": 0,
    "level": 0
}
2024-06-28T09:17:44.142Z info: Received log message: 44 单位获取成功: 
{
    "Hue": 0,
    "Saturation": 0,
    "Contrast": 7.1,
    "Brightness": 0,
    "level": 6
}
2024-06-28T09:17:44.144Z info: Received log message: 44 单位获取成功: 
{
    "Hue": 0,
    "Saturation": 0,
    "Contrast": 0,
    "Brightness": 20,
    "level": 8
}
2024-06-28T09:17:44.145Z info: Received log message: 44 单位获取成功: 
{
    "Hue": 0,
    "Saturation": 10,
    "Contrast": 0,
    "Brightness": 15,
    "level": 8
}
2024-06-28T09:17:44.147Z info: Received log message: 44 单位获取成功: 
{
    "blueMultiplier": 0.3,
    "greenMultiplier": 1,
    "redMultiplier": 0.3,
    "Hue": 0,
    "Saturation": 0,
    "Contrast": 20,
    "Brightness": 50,
    "level": 4
}
2024-06-28T09:17:44.155Z info: Received log message: 44 单位获取成功: 
{
    "Hue": 0,
    "Saturation": 0,
    "Contrast": 0,
    "Brightness": 0,
    "level": 7
}
2024-06-28T09:17:44.156Z info: Received log message: 44 单位获取成功: 
{
    "Hue": 0,
    "Saturation": 10,
    "Contrast": 0,
    "Brightness": 20,
    "level": 8
}
2024-06-28T09:17:44.158Z info: Received log message: 44 单位获取成功: 
{
    "blueMultiplier": 0.15,
    "greenMultiplier": 1,
    "redMultiplier": 0.15,
    "Hue": 0,
    "Saturation": 0,
    "Contrast": 40,
    "Brightness": 15,
    "level": 1
}
2024-06-28T09:17:44.159Z info: Received log message: 44 单位获取成功: 
{
    "Hue": 0,
    "Saturation": 0,
    "Contrast": 0,
    "Brightness": 0,
    "level": 7
}
2024-06-28T09:17:44.161Z info: Received log message: 44 单位获取成功: 
{
    "Hue": 10,
    "Saturation": -5,
    "Contrast": 28.6,
    "Brightness": -15.7,
    "level": 3
}
2024-06-28T09:24:48.528Z info: Received log message: 12749 创建物件 {}
2024-06-28T09:25:04.727Z info: Received log message: 13204 读取缓存 {}
2024-06-28T09:50:32.952Z info: Received log message: 44 单位获取成功: 
{
    "Hue": 20,
    "Saturation": -10,
    "Contrast": 21.4,
    "Brightness": -4.3,
    "level": 4
}
2024-06-28T09:50:32.954Z info: Received log message: 44 单位获取成功: 
{
    "Hue": 0,
    "Saturation": 0,
    "Contrast": 0,
    "Brightness": 0,
    "level": 7
}
2024-06-28T09:50:32.958Z info: Received log message: 44 单位获取成功: 
{
    "Hue": 20,
    "Saturation": 0,
    "Contrast": 21.4,
    "Brightness": -4.3,
    "level": 4
}
2024-06-28T09:50:32.968Z info: Received log message: 44 单位获取成功: 
{
    "blueMultiplier": 0.5,
    "redMultiplier": 0.5,
    "Hue": 0,
    "Saturation": -20,
    "Contrast": 13.33,
    "Brightness": 33.33,
    "level": 5
}
2024-06-28T09:50:32.970Z info: Received log message: 44 单位获取成功: 
{
    "Hue": -10,
    "Saturation": -15,
    "Contrast": 42.9,
    "Brightness": -38.6,
    "level": 1
}
2024-06-28T09:50:32.971Z info: Received log message: 44 单位获取成功: 
{
    "Hue": -20,
    "Saturation": -20,
    "Contrast": 50,
    "Brightness": -50,
    "level": 0
}
2024-06-28T09:50:32.973Z info: Received log message: 44 单位获取成功: 
{
    "Hue": 0,
    "Saturation": 20,
    "Contrast": 0,
    "Brightness": 30,
    "level": 9
}
2024-06-28T09:50:32.982Z info: Received log message: 44 单位获取成功: 
{
    "Hue": 0,
    "Saturation": 0,
    "Contrast": 7.1,
    "Brightness": 0,
    "level": 6
}
2024-06-28T09:50:32.983Z info: Received log message: 44 单位获取成功: 
{
    "Hue": 0,
    "Saturation": -10,
    "Contrast": 35.7,
    "Brightness": -27.1,
    "level": 2
}
2024-06-28T09:50:32.984Z info: Received log message: 44 单位获取成功: 
{
    "Hue": 0,
    "Saturation": 10,
    "Contrast": 0,
    "Brightness": 15,
    "level": 8
}
2024-06-28T09:50:32.985Z info: Received log message: 44 单位获取成功: 
{
    "Hue": 0,
    "Saturation": -30,
    "Contrast": 35.7,
    "Brightness": -27.1,
    "level": 2
}
2024-06-28T09:50:32.986Z info: Received log message: 44 单位获取成功: 
{
    "blueMultiplier": 0.2,
    "greenMultiplier": 1,
    "redMultiplier": 0.2,
    "Hue": 0,
    "Saturation": 0,
    "Contrast": 15,
    "Brightness": 32.5,
    "level": 3
}
2024-06-28T09:50:32.989Z info: Received log message: 44 单位获取成功: 
{
    "blueMultiplier": 0.15,
    "greenMultiplier": 1,
    "redMultiplier": 0.15,
    "Hue": 0,
    "Saturation": 0,
    "Contrast": 40,
    "Brightness": 15,
    "level": 1
}
2024-06-28T09:50:32.990Z info: Received log message: 44 单位获取成功: 
{
    "Hue": 0,
    "Saturation": 10,
    "Contrast": 0,
    "Brightness": 20,
    "level": 8
}
2024-06-28T09:50:32.992Z info: Received log message: 44 单位获取成功: 
{
    "Hue": 0,
    "Saturation": 0,
    "Contrast": 0,
    "Brightness": 0,
    "level": 7
}
2024-06-28T09:50:32.993Z info: Received log message: 44 单位获取成功: 
{
    "blueMultiplier": 0.15,
    "greenMultiplier": 1,
    "redMultiplier": 0.15,
    "Hue": 0,
    "Saturation": 0,
    "Contrast": 50,
    "Brightness": 0,
    "level": 0
}
2024-06-28T09:50:32.995Z info: Received log message: 44 单位获取成功: 
{
    "Hue": -10,
    "Saturation": -40,
    "Contrast": 42.9,
    "Brightness": -38.6,
    "level": 1
}
2024-06-28T09:50:32.999Z info: Received log message: 44 单位获取成功: 
{
    "Hue": 10,
    "Saturation": -5,
    "Contrast": 28.6,
    "Brightness": -15.7,
    "level": 3
}
2024-06-28T09:50:33.001Z info: Received log message: 44 单位获取成功: 
{
    "Hue": 0,
    "Saturation": 0,
    "Contrast": 0,
    "Brightness": 20,
    "level": 8
}
2024-06-28T09:50:33.003Z info: Received log message: 44 单位获取成功: 
{
    "Hue": 0,
    "Saturation": 0,
    "Contrast": 0,
    "Brightness": 30,
    "level": 9
}
2024-06-28T09:50:33.011Z info: Received log message: 44 单位获取成功: 
{
    "Hue": -20,
    "Saturation": -50,
    "Contrast": 50,
    "Brightness": -50,
    "level": 0
}
2024-06-28T09:50:33.012Z info: Received log message: 44 色彩预设表已成功加载并配置。
2024-06-28T09:50:33.014Z info: Received log message: 44 单位获取成功: 
{
    "blueMultiplier": 0.3,
    "greenMultiplier": 1,
    "redMultiplier": 0.3,
    "Hue": 0,
    "Saturation": 0,
    "Contrast": 20,
    "Brightness": 50,
    "level": 4
}
2024-06-28T09:50:33.015Z info: Received log message: 44 单位获取成功: 
{
    "Hue": 0,
    "Saturation": 0,
    "Contrast": 0,
    "Brightness": 30,
    "level": 9
}
2024-06-28T09:50:33.016Z info: Received log message: 44 单位获取成功: 
{
    "blueMultiplier": 0.15,
    "greenMultiplier": 1,
    "redMultiplier": 0.15,
    "Hue": 0,
    "Saturation": 0,
    "Contrast": 30,
    "Brightness": 25,
    "level": 2
}
2024-06-28T09:50:33.018Z info: Received log message: 44 单位获取成功: 
{
    "Hue": 0,
    "Saturation": 0,
    "Contrast": 7.1,
    "Brightness": 0,
    "level": 6
}
2024-06-28T09:50:33.025Z info: Received log message: 44 单位获取成功: 
{
    "Hue": 0,
    "Saturation": 0,
    "Contrast": 0,
    "Brightness": 0,
    "level": 7
}
2024-06-28T09:50:33.026Z info: Received log message: 44 单位获取成功: 
{
    "Hue": 10,
    "Saturation": 0,
    "Contrast": 14.3,
    "Brightness": 0,
    "level": 5
}
2024-06-28T09:50:33.030Z info: Received log message: 44 单位获取成功: 
{
    "Hue": 10,
    "Saturation": 0,
    "Contrast": 14.3,
    "Brightness": 0,
    "level": 5
}
2024-06-28T09:50:33.032Z info: Received log message: 44 单位获取成功: 
{
    "blueMultiplier": 0.8,
    "redMultiplier": 0.8,
    "Hue": 0,
    "Saturation": -10,
    "Contrast": 6.67,
    "Brightness": 16.67,
    "level": 6
}
2024-06-28T09:50:33.033Z info: Received log message: 44 单位获取成功: 
{
    "Hue": 10,
    "Saturation": -20,
    "Contrast": 28.6,
    "Brightness": -15.7,
    "level": 3
}
2024-06-28T09:51:19.441Z info: Received log message: 1412 创建物件 {}
2024-06-28T09:51:23.953Z info: Received log message: 1544 读取缓存 {}
2024-06-28T09:51:29.516Z info: Received log message: 1709 火药燃气液压打桩机发射子弹
2024-06-28T09:51:29.544Z info: Received log message: 1710 火药燃气液压打桩机发射子弹
2024-06-28T09:51:29.581Z info: Received log message: 1711 火药燃气液压打桩机发射子弹
2024-06-28T09:51:30.486Z info: Received log message: 1738 火药燃气液压打桩机发射子弹
2024-06-28T09:51:30.519Z info: Received log message: 1739 火药燃气液压打桩机发射子弹
2024-06-28T09:51:31.151Z info: Received log message: 1758 火药燃气液压打桩机发射子弹
2024-06-28T09:51:31.184Z info: Received log message: 1759 火药燃气液压打桩机发射子弹
2024-06-28T09:51:31.217Z info: Received log message: 1760 火药燃气液压打桩机发射子弹
2024-06-28T09:51:31.247Z info: Received log message: 1761 火药燃气液压打桩机发射子弹
2024-06-28T09:51:31.281Z info: Received log message: 1762 火药燃气液压打桩机发射子弹
2024-06-28T09:51:31.311Z info: Received log message: 1763 火药燃气液压打桩机发射子弹
2024-06-28T09:51:31.343Z info: Received log message: 1764 火药燃气液压打桩机发射子弹
2024-06-28T09:51:31.387Z info: Received log message: 1765 火药燃气液压打桩机发射子弹
2024-06-28T09:51:31.420Z info: Received log message: 1766 火药燃气液压打桩机发射子弹
2024-06-28T09:51:31.452Z info: Received log message: 1767 火药燃气液压打桩机发射子弹
2024-06-28T09:51:31.485Z info: Received log message: 1768 火药燃气液压打桩机发射子弹
2024-06-28T09:51:31.515Z info: Received log message: 1769 火药燃气液压打桩机发射子弹
2024-06-28T09:51:31.546Z info: Received log message: 1770 火药燃气液压打桩机发射子弹
2024-06-28T09:51:31.578Z info: Received log message: 1771 火药燃气液压打桩机发射子弹
2024-06-28T09:51:31.606Z info: Received log message: 1772 火药燃气液压打桩机发射子弹
2024-06-28T09:51:31.652Z info: Received log message: 1773 火药燃气液压打桩机发射子弹
2024-06-28T09:51:31.684Z info: Received log message: 1774 火药燃气液压打桩机发射子弹
2024-06-28T09:51:31.714Z info: Received log message: 1775 火药燃气液压打桩机发射子弹
2024-06-28T09:51:31.747Z info: Received log message: 1776 火药燃气液压打桩机发射子弹
2024-06-28T09:51:31.775Z info: Received log message: 1777 火药燃气液压打桩机发射子弹
2024-06-28T09:51:32.245Z info: Received log message: 1791 火药燃气液压打桩机发射子弹
2024-06-28T09:51:32.277Z info: Received log message: 1792 火药燃气液压打桩机发射子弹
2024-06-28T09:51:32.311Z info: Received log message: 1793 火药燃气液压打桩机发射子弹
2024-06-28T09:51:32.340Z info: Received log message: 1794 火药燃气液压打桩机发射子弹
2024-06-28T09:51:32.387Z info: Received log message: 1795 火药燃气液压打桩机发射子弹
2024-06-28T09:51:36.605Z info: Received log message: 1922 火药燃气液压打桩机发射子弹
2024-06-28T09:51:36.643Z info: Received log message: 1923 火药燃气液压打桩机发射子弹
2024-06-28T09:51:37.981Z info: Received log message: 1963 火药燃气液压打桩机发射子弹
2024-06-28T09:51:38.013Z info: Received log message: 1964 火药燃气液压打桩机发射子弹
2024-06-28T09:51:38.047Z info: Received log message: 1965 火药燃气液压打桩机发射子弹
2024-06-28T09:51:38.076Z info: Received log message: 1966 火药燃气液压打桩机发射子弹
2024-06-28T09:51:38.112Z info: Received log message: 1967 火药燃气液压打桩机发射子弹
2024-06-28T09:51:38.155Z info: Received log message: 1968 火药燃气液压打桩机发射子弹
2024-06-28T09:51:38.187Z info: Received log message: 1969 火药燃气液压打桩机发射子弹
2024-06-28T09:51:38.219Z info: Received log message: 1970 火药燃气液压打桩机发射子弹
2024-06-28T09:51:39.754Z info: Received log message: 2016 火药燃气液压打桩机发射子弹
2024-06-28T09:51:39.786Z info: Received log message: 2017 火药燃气液压打桩机发射子弹
2024-06-28T09:51:40.341Z info: Received log message: 2034 火药燃气液压打桩机发射子弹
2024-06-28T09:51:40.377Z info: Received log message: 2035 火药燃气液压打桩机发射子弹
2024-06-28T09:51:40.423Z info: Received log message: 2036 火药燃气液压打桩机发射子弹
2024-06-28T09:51:40.452Z info: Received log message: 2037 火药燃气液压打桩机发射子弹
2024-06-28T09:51:40.481Z info: Received log message: 2038 火药燃气液压打桩机发射子弹
2024-06-28T09:51:40.514Z info: Received log message: 2039 火药燃气液压打桩机发射子弹
2024-06-28T09:51:40.546Z info: Received log message: 2040 火药燃气液压打桩机发射子弹
2024-06-28T09:51:40.576Z info: Received log message: 2041 火药燃气液压打桩机发射子弹
2024-06-28T09:51:40.607Z info: Received log message: 2042 火药燃气液压打桩机发射子弹
2024-06-28T09:51:40.659Z info: Received log message: 2043 火药燃气液压打桩机发射子弹
2024-06-28T09:51:40.687Z info: Received log message: 2044 火药燃气液压打桩机发射子弹
2024-06-28T09:51:40.718Z info: Received log message: 2045 火药燃气液压打桩机发射子弹
2024-06-28T09:51:40.748Z info: Received log message: 2046 火药燃气液压打桩机发射子弹
2024-06-28T09:51:40.780Z info: Received log message: 2047 火药燃气液压打桩机发射子弹
2024-06-28T09:51:40.810Z info: Received log message: 2048 火药燃气液压打桩机发射子弹
2024-06-28T09:51:40.840Z info: Received log message: 2049 火药燃气液压打桩机发射子弹
2024-06-28T09:51:40.884Z info: Received log message: 2050 火药燃气液压打桩机发射子弹
2024-06-28T09:51:40.914Z info: Received log message: 2051 火药燃气液压打桩机发射子弹
2024-06-28T09:51:40.943Z info: Received log message: 2052 火药燃气液压打桩机发射子弹
2024-06-28T09:51:40.973Z info: Received log message: 2053 火药燃气液压打桩机发射子弹
2024-06-28T09:51:41.003Z info: Received log message: 2054 火药燃气液压打桩机发射子弹
2024-06-28T09:51:41.042Z info: Received log message: 2055 火药燃气液压打桩机发射子弹
2024-06-28T09:51:41.075Z info: Received log message: 2056 火药燃气液压打桩机发射子弹
2024-06-28T09:51:41.121Z info: Received log message: 2057 火药燃气液压打桩机发射子弹
2024-06-28T09:51:41.152Z info: Received log message: 2058 火药燃气液压打桩机发射子弹
2024-06-28T09:51:41.822Z info: Received log message: 2078 火药燃气液压打桩机发射子弹
2024-06-28T09:51:41.850Z info: Received log message: 2079 火药燃气液压打桩机发射子弹
2024-06-28T09:51:41.881Z info: Received log message: 2080 火药燃气液压打桩机发射子弹
2024-06-28T09:51:41.911Z info: Received log message: 2081 火药燃气液压打桩机发射子弹
2024-06-28T09:51:41.943Z info: Received log message: 2082 火药燃气液压打桩机发射子弹
2024-06-28T09:51:41.975Z info: Received log message: 2083 火药燃气液压打桩机发射子弹
2024-06-28T09:51:42.021Z info: Received log message: 2084 火药燃气液压打桩机发射子弹
2024-06-28T09:51:42.051Z info: Received log message: 2085 火药燃气液压打桩机发射子弹
2024-06-28T09:51:42.083Z info: Received log message: 2086 火药燃气液压打桩机发射子弹
2024-06-28T09:51:42.115Z info: Received log message: 2087 火药燃气液压打桩机发射子弹
2024-06-28T09:51:42.144Z info: Received log message: 2088 火药燃气液压打桩机发射子弹
2024-06-28T09:51:42.190Z info: Received log message: 2089 火药燃气液压打桩机发射子弹
2024-06-28T09:51:42.221Z info: Received log message: 2090 火药燃气液压打桩机发射子弹
2024-06-28T09:51:42.253Z info: Received log message: 2091 火药燃气液压打桩机发射子弹
2024-06-28T09:51:42.284Z info: Received log message: 2092 火药燃气液压打桩机发射子弹
2024-06-28T09:51:42.314Z info: Received log message: 2093 火药燃气液压打桩机发射子弹
2024-06-28T09:51:42.347Z info: Received log message: 2094 火药燃气液压打桩机发射子弹
2024-06-28T09:51:42.378Z info: Received log message: 2095 火药燃气液压打桩机发射子弹
2024-06-28T09:51:42.410Z info: Received log message: 2096 火药燃气液压打桩机发射子弹
2024-06-28T09:51:42.443Z info: Received log message: 2097 火药燃气液压打桩机发射子弹
2024-06-28T09:51:42.472Z info: Received log message: 2098 火药燃气液压打桩机发射子弹
2024-06-28T09:51:42.518Z info: Received log message: 2099 火药燃气液压打桩机发射子弹
2024-06-28T09:51:42.551Z info: Received log message: 2100 火药燃气液压打桩机发射子弹
2024-06-28T09:51:42.580Z info: Received log message: 2101 火药燃气液压打桩机发射子弹
2024-06-28T09:51:42.607Z info: Received log message: 2102 火药燃气液压打桩机发射子弹
2024-06-28T09:51:42.650Z info: Received log message: 2103 火药燃气液压打桩机发射子弹
2024-06-28T09:51:42.681Z info: Received log message: 2104 火药燃气液压打桩机发射子弹
2024-06-28T09:51:42.711Z info: Received log message: 2105 火药燃气液压打桩机发射子弹
2024-06-28T09:51:42.743Z info: Received log message: 2106 火药燃气液压打桩机发射子弹
2024-06-28T09:51:42.771Z info: Received log message: 2107 火药燃气液压打桩机发射子弹
2024-06-28T09:51:42.809Z info: Received log message: 2108 火药燃气液压打桩机发射子弹
2024-06-28T09:51:42.841Z info: Received log message: 2109 火药燃气液压打桩机发射子弹
2024-06-28T09:51:42.872Z info: Received log message: 2110 火药燃气液压打桩机发射子弹
2024-06-28T09:51:42.920Z info: Received log message: 2111 火药燃气液压打桩机发射子弹
2024-06-28T09:51:42.952Z info: Received log message: 2112 火药燃气液压打桩机发射子弹
2024-06-28T09:51:42.983Z info: Received log message: 2113 火药燃气液压打桩机发射子弹
2024-06-28T09:51:43.015Z info: Received log message: 2114 火药燃气液压打桩机发射子弹
2024-06-28T09:51:43.047Z info: Received log message: 2115 火药燃气液压打桩机发射子弹
2024-06-28T09:51:43.247Z info: Received log message: 2121 火药燃气液压打桩机发射子弹
2024-06-28T09:51:43.282Z info: Received log message: 2122 火药燃气液压打桩机发射子弹
2024-06-28T09:51:43.314Z info: Received log message: 2123 火药燃气液压打桩机发射子弹
2024-06-28T09:51:43.653Z info: Received log message: 2133 火药燃气液压打桩机发射子弹
2024-06-28T09:51:43.686Z info: Received log message: 2134 火药燃气液压打桩机发射子弹
2024-06-28T09:51:43.920Z info: Received log message: 2141 火药燃气液压打桩机发射子弹
2024-06-28T09:51:43.954Z info: Received log message: 2142 火药燃气液压打桩机发射子弹
2024-06-28T09:51:44.108Z info: Received log message: 2147 火药燃气液压打桩机发射子弹
2024-06-28T09:51:44.154Z info: Received log message: 2148 火药燃气液压打桩机发射子弹
2024-06-28T09:51:44.609Z info: Received log message: 2162 火药燃气液压打桩机发射子弹
2024-06-28T09:51:44.654Z info: Received log message: 2163 火药燃气液压打桩机发射子弹
2024-06-28T09:51:44.951Z info: Received log message: 2172 火药燃气液压打桩机发射子弹
2024-06-28T09:51:44.982Z info: Received log message: 2173 火药燃气液压打桩机发射子弹
2024-06-28T09:51:45.450Z info: Received log message: 2187 火药燃气液压打桩机发射子弹
2024-06-28T09:51:45.484Z info: Received log message: 2188 火药燃气液压打桩机发射子弹
2024-06-28T09:51:45.515Z info: Received log message: 2189 火药燃气液压打桩机发射子弹
2024-06-28T09:51:47.153Z info: Received log message: 2238 火药燃气液压打桩机发射子弹
2024-06-28T09:51:47.186Z info: Received log message: 2239 火药燃气液压打桩机发射子弹
2024-06-28T09:51:47.219Z info: Received log message: 2240 火药燃气液压打桩机发射子弹
2024-06-28T09:51:47.405Z info: Received log message: 2246 火药燃气液压打桩机发射子弹
2024-06-28T09:51:47.453Z info: Received log message: 2247 火药燃气液压打桩机发射子弹
2024-06-28T09:51:47.577Z info: Received log message: 2251 火药燃气液压打桩机发射子弹
2024-06-28T09:51:47.611Z info: Received log message: 2252 火药燃气液压打桩机发射子弹
2024-06-28T09:51:47.873Z info: Received log message: 2260 火药燃气液压打桩机发射子弹
2024-06-28T09:51:47.919Z info: Received log message: 2261 火药燃气液压打桩机发射子弹
2024-06-28T09:51:48.107Z info: Received log message: 2267 火药燃气液压打桩机发射子弹
2024-06-28T09:51:48.153Z info: Received log message: 2268 火药燃气液压打桩机发射子弹
2024-06-28T09:51:48.448Z info: Received log message: 2277 火药燃气液压打桩机发射子弹
2024-06-28T09:51:48.481Z info: Received log message: 2278 火药燃气液压打桩机发射子弹
2024-06-28T09:51:48.686Z info: Received log message: 2284 火药燃气液压打桩机发射子弹
2024-06-28T09:51:48.719Z info: Received log message: 2285 火药燃气液压打桩机发射子弹
2024-06-28T09:51:48.748Z info: Received log message: 2286 火药燃气液压打桩机发射子弹
2024-06-28T09:51:48.779Z info: Received log message: 2287 火药燃气液压打桩机发射子弹
2024-06-28T09:51:48.811Z info: Received log message: 2288 火药燃气液压打桩机发射子弹
2024-06-28T09:51:48.841Z info: Received log message: 2289 火药燃气液压打桩机发射子弹
2024-06-28T09:51:48.871Z info: Received log message: 2290 火药燃气液压打桩机发射子弹
2024-06-28T09:51:48.919Z info: Received log message: 2291 火药燃气液压打桩机发射子弹
2024-06-28T09:51:48.952Z info: Received log message: 2292 火药燃气液压打桩机发射子弹
2024-06-28T09:51:48.982Z info: Received log message: 2293 火药燃气液压打桩机发射子弹
2024-06-28T09:51:49.013Z info: Received log message: 2294 火药燃气液压打桩机发射子弹
2024-06-28T09:51:49.046Z info: Received log message: 2295 火药燃气液压打桩机发射子弹
2024-06-28T09:51:49.076Z info: Received log message: 2296 火药燃气液压打桩机发射子弹
2024-06-28T09:51:49.106Z info: Received log message: 2297 火药燃气液压打桩机发射子弹
2024-06-28T09:51:49.152Z info: Received log message: 2298 火药燃气液压打桩机发射子弹
2024-06-28T09:51:49.186Z info: Received log message: 2299 火药燃气液压打桩机发射子弹
2024-06-28T09:51:49.217Z info: Received log message: 2300 火药燃气液压打桩机发射子弹
2024-06-28T09:51:49.248Z info: Received log message: 2301 火药燃气液压打桩机发射子弹
2024-06-28T09:51:49.279Z info: Received log message: 2302 火药燃气液压打桩机发射子弹
2024-06-28T09:51:49.309Z info: Received log message: 2303 火药燃气液压打桩机发射子弹
2024-06-28T09:51:49.354Z info: Received log message: 2304 火药燃气液压打桩机发射子弹
2024-06-28T09:51:50.380Z info: Received log message: 2335 火药燃气液压打桩机发射子弹
2024-06-28T09:51:50.413Z info: Received log message: 2336 火药燃气液压打桩机发射子弹
2024-06-28T09:51:50.446Z info: Received log message: 2337 火药燃气液压打桩机发射子弹
2024-06-28T09:51:50.476Z info: Received log message: 2338 火药燃气液压打桩机发射子弹
2024-06-28T09:51:50.510Z info: Received log message: 2339 火药燃气液压打桩机发射子弹
2024-06-28T09:51:50.540Z info: Received log message: 2340 火药燃气液压打桩机发射子弹
2024-06-28T09:51:50.588Z info: Received log message: 2341 火药燃气液压打桩机发射子弹
2024-06-28T09:51:50.620Z info: Received log message: 2342 火药燃气液压打桩机发射子弹
2024-06-28T09:51:50.652Z info: Received log message: 2343 火药燃气液压打桩机发射子弹
2024-06-28T09:51:50.681Z info: Received log message: 2344 火药燃气液压打桩机发射子弹
2024-06-28T09:51:50.712Z info: Received log message: 2345 火药燃气液压打桩机发射子弹
2024-06-28T09:51:50.740Z info: Received log message: 2346 火药燃气液压打桩机发射子弹
2024-06-28T09:51:50.787Z info: Received log message: 2347 火药燃气液压打桩机发射子弹
2024-06-28T09:51:50.819Z info: Received log message: 2348 火药燃气液压打桩机发射子弹
2024-06-28T09:51:50.851Z info: Received log message: 2349 火药燃气液压打桩机发射子弹
2024-06-28T09:51:50.882Z info: Received log message: 2350 火药燃气液压打桩机发射子弹
