2024-06-17T01:58:16.931Z info: Server running on http://localhost:3000
2024-06-17T01:58:32.138Z info: Received log message: 2460 0 创建对象 undefined
2024-06-17T01:58:32.504Z info: Received log message: 2473 回收入池1
2024-06-17T01:58:32.657Z info: Received log message: 2477 0 重用对象 0
2024-06-17T01:58:32.671Z info: Received log message: 2478 1 创建对象 0
2024-06-17T01:58:32.674Z info: Received log message: 2478 2 创建对象 0
2024-06-17T01:58:32.738Z info: Received log message: 2479 4 创建对象 0
2024-06-17T01:58:32.740Z info: Received log message: 2479 3 创建对象 0
2024-06-17T01:58:32.774Z info: Received log message: 2480 7 创建对象 0
2024-06-17T01:58:32.776Z info: Received log message: 2480 5 创建对象 0
2024-06-17T01:58:32.779Z info: Received log message: 2480 6 创建对象 0
2024-06-17T01:58:32.793Z info: Received log message: 2481 8 创建对象 0
2024-06-17T01:58:32.796Z info: Received log message: 2481 9 创建对象 0
2024-06-17T01:58:32.798Z info: Received log message: 2481 10 创建对象 0
2024-06-17T01:58:32.823Z info: Received log message: 2482 11 创建对象 0
2024-06-17T01:58:32.825Z info: Received log message: 2482 12 创建对象 0
2024-06-17T01:58:32.827Z info: Received log message: 2482 13 创建对象 0
2024-06-17T01:58:32.849Z info: Received log message: 2483 15 创建对象 0
2024-06-17T01:58:32.853Z info: Received log message: 2483 14 创建对象 0
2024-06-17T01:58:32.875Z info: Received log message: 2484 16 创建对象 0
2024-06-17T01:58:32.876Z info: Received log message: 2484 17 创建对象 0
2024-06-17T01:58:32.883Z info: Received log message: 2484 18 创建对象 0
2024-06-17T01:58:32.921Z info: Received log message: 2485 20 创建对象 0
2024-06-17T01:58:32.922Z info: Received log message: 2485 19 创建对象 0
2024-06-17T01:58:32.946Z info: Received log message: 2486 21 创建对象 0
2024-06-17T01:58:33.070Z info: Received log message: 2490 回收入池1
2024-06-17T01:58:33.103Z info: Received log message: 2491 回收入池2
2024-06-17T01:58:33.105Z info: Received log message: 2491 回收入池3
2024-06-17T01:58:33.133Z info: Received log message: 2492 19 重用对象 2
2024-06-17T01:58:33.136Z info: Received log message: 2492 回收入池2
2024-06-17T01:58:33.141Z info: Received log message: 2492 回收入池3
2024-06-17T01:58:33.144Z info: Received log message: 2492 20 重用对象 1
2024-06-17T01:58:33.175Z info: Received log message: 2493 回收入池2
2024-06-17T01:58:33.177Z info: Received log message: 2493 20 重用对象 1
2024-06-17T01:58:33.181Z info: Received log message: 2493 19 重用对象 2
2024-06-17T01:58:33.213Z info: Received log message: 2494 20 重用对象 1
2024-06-17T01:58:33.215Z info: Received log message: 2494 回收入池2
2024-06-17T01:58:33.224Z info: Received log message: 2494 回收入池3
2024-06-17T01:58:33.226Z info: Received log message: 2494 回收入池4
2024-06-17T01:58:33.250Z info: Received log message: 2495 回收入池3
2024-06-17T01:58:33.254Z info: Received log message: 2495 18 重用对象 3
2024-06-17T01:58:33.257Z info: Received log message: 2495 回收入池4
2024-06-17T01:58:33.262Z info: Received log message: 2495 回收入池5
2024-06-17T01:58:33.264Z info: Received log message: 2495 19 重用对象 2
2024-06-17T01:58:33.294Z info: Received log message: 2496 18 重用对象 3
2024-06-17T01:58:33.295Z info: Received log message: 2496 19 重用对象 2
2024-06-17T01:58:33.304Z info: Received log message: 2496 17 重用对象 4
2024-06-17T01:58:33.307Z info: Received log message: 2496 回收入池3
2024-06-17T01:58:33.341Z info: Received log message: 2497 回收入池2
2024-06-17T01:58:33.343Z info: Received log message: 2497 20 重用对象 1
2024-06-17T01:58:33.348Z info: Received log message: 2497 回收入池3
2024-06-17T01:58:33.351Z info: Received log message: 2497 19 重用对象 2
2024-06-17T01:58:33.364Z info: Received log message: 2498 回收入池2
2024-06-17T01:58:33.366Z info: Received log message: 2498 20 重用对象 1
2024-06-17T01:58:33.371Z info: Received log message: 2498 19 重用对象 2
2024-06-17T01:58:33.391Z info: Received log message: 2499 20 重用对象 1
2024-06-17T01:58:33.435Z info: Received log message: 2501 回收入池2
2024-06-17T01:58:33.533Z info: Received log message: 2504 回收入池4
2024-06-17T01:58:33.534Z info: Received log message: 2504 回收入池3
2024-06-17T01:58:33.570Z info: Received log message: 2505 回收入池5
2024-06-17T01:58:33.571Z info: Received log message: 2505 回收入池7
2024-06-17T01:58:33.573Z info: Received log message: 2505 回收入池6
2024-06-17T01:58:33.595Z info: Received log message: 2506 回收入池8
2024-06-17T01:58:33.627Z info: Received log message: 2507 回收入池10
2024-06-17T01:58:33.630Z info: Received log message: 2507 回收入池9
2024-06-17T01:58:33.666Z info: Received log message: 2508 回收入池11
2024-06-17T01:58:33.706Z info: Received log message: 2509 回收入池12
2024-06-17T01:58:33.736Z info: Received log message: 2510 回收入池13
2024-06-17T01:58:33.738Z info: Received log message: 2510 回收入池14
2024-06-17T01:58:33.830Z info: Received log message: 2513 回收入池15
2024-06-17T01:58:34.008Z info: Received log message: 2514 回收入池16
2024-06-17T01:58:34.032Z info: Received log message: 2515 回收入池17
2024-06-17T01:58:34.093Z info: Received log message: 2518 回收入池18
2024-06-17T01:58:34.171Z info: Received log message: 2520 回收入池19
2024-06-17T01:58:34.203Z info: Received log message: 2521 回收入池20
2024-06-17T01:58:34.262Z info: Received log message: 2523 回收入池21
2024-06-17T01:58:41.897Z info: Received log message: 2742 0 创建对象 undefined
2024-06-17T01:58:45.020Z info: Received log message: 2835 0 创建对象 undefined
2024-06-17T01:58:46.987Z info: Received log message: 2893 0 创建对象 undefined
2024-06-17T01:58:49.841Z info: Received log message: 2977 0 创建对象 undefined
2024-06-17T01:58:49.872Z info: Received log message: 2978 1 创建对象 undefined
2024-06-17T01:58:49.929Z info: Received log message: 2980 2 创建对象 undefined
2024-06-17T01:58:49.999Z info: Received log message: 2982 3 创建对象 undefined
2024-06-17T01:58:50.059Z info: Received log message: 2984 4 创建对象 undefined
2024-06-17T01:58:50.128Z info: Received log message: 2986 5 创建对象 undefined
2024-06-17T01:58:50.195Z info: Received log message: 2988 6 创建对象 undefined
2024-06-17T01:58:50.238Z info: Received log message: 2989 回收入池1
2024-06-17T01:58:50.265Z info: Received log message: 2990 6 重用对象 0
2024-06-17T01:58:50.359Z info: Received log message: 2993 回收入池1
2024-06-17T01:58:50.406Z info: Received log message: 2994 回收入池2
2024-06-17T01:58:50.668Z info: Received log message: 3002 回收入池4
2024-06-17T01:58:50.670Z info: Received log message: 3002 回收入池3
2024-06-17T01:58:50.868Z info: Received log message: 3008 回收入池5
2024-06-17T01:58:50.931Z info: Received log message: 3010 回收入池6
2024-06-17T01:58:50.996Z info: Received log message: 3012 回收入池7
2024-06-17T01:58:52.594Z info: Received log message: 3060 0 重用对象 6
2024-06-17T01:58:52.639Z info: Received log message: 3061 1 重用对象 5
2024-06-17T01:58:52.700Z info: Received log message: 3063 2 重用对象 4
2024-06-17T01:58:52.763Z info: Received log message: 3065 3 重用对象 3
2024-06-17T01:58:52.826Z info: Received log message: 3067 4 重用对象 2
2024-06-17T01:58:52.905Z info: Received log message: 3069 5 重用对象 1
2024-06-17T01:58:52.958Z info: Received log message: 3071 6 重用对象 0
2024-06-17T01:58:52.997Z info: Received log message: 3072 回收入池1
2024-06-17T01:58:53.031Z info: Received log message: 3073 6 重用对象 0
2024-06-17T01:58:53.034Z info: Received log message: 3073 回收入池1
2024-06-17T01:58:53.097Z info: Received log message: 3075 回收入池1
2024-06-17T01:58:53.099Z info: Received log message: 3075 6 重用对象 0
2024-06-17T01:58:53.160Z info: Received log message: 3077 6 重用对象 0
2024-06-17T01:58:53.194Z info: Received log message: 3078 回收入池1
2024-06-17T01:58:53.230Z info: Received log message: 3079 6 重用对象 0
2024-06-17T01:58:53.261Z info: Received log message: 3080 回收入池1
2024-06-17T01:58:53.308Z info: Received log message: 3081 回收入池1
2024-06-17T01:58:53.310Z info: Received log message: 3081 6 重用对象 0
2024-06-17T01:58:53.372Z info: Received log message: 3083 6 重用对象 0
2024-06-17T01:58:53.406Z info: Received log message: 3084 回收入池1
2024-06-17T01:58:53.426Z info: Received log message: 3085 6 重用对象 0
2024-06-17T01:58:53.428Z info: Received log message: 3085 回收入池1
2024-06-17T01:58:53.559Z info: Received log message: 3089 回收入池2
2024-06-17T01:58:53.669Z info: Received log message: 3092 回收入池4
2024-06-17T01:58:53.671Z info: Received log message: 3092 回收入池3
2024-06-17T01:58:53.699Z info: Received log message: 3093 回收入池5
2024-06-17T01:58:54.168Z info: Received log message: 3107 回收入池6
2024-06-17T01:58:54.230Z info: Received log message: 3109 回收入池7
2024-06-17T01:58:55.195Z info: Received log message: 3138 0 重用对象 6
2024-06-17T01:58:55.233Z info: Received log message: 3139 1 重用对象 5
2024-06-17T01:58:55.308Z info: Received log message: 3141 2 重用对象 4
2024-06-17T01:58:55.371Z info: Received log message: 3143 3 重用对象 3
2024-06-17T01:58:55.435Z info: Received log message: 3145 4 重用对象 2
2024-06-17T01:58:55.498Z info: Received log message: 3147 5 重用对象 1
2024-06-17T01:58:55.573Z info: Received log message: 3149 6 重用对象 0
2024-06-17T01:58:55.599Z info: Received log message: 3150 回收入池1
2024-06-17T01:58:55.630Z info: Received log message: 3151 6 重用对象 0
2024-06-17T01:58:55.674Z info: Received log message: 3152 回收入池1
2024-06-17T01:58:55.705Z info: Received log message: 3153 6 重用对象 0
2024-06-17T01:58:55.769Z info: Received log message: 3155 7 创建对象 0
2024-06-17T01:58:55.833Z info: Received log message: 3157 8 创建对象 0
2024-06-17T01:58:55.860Z info: Received log message: 3158 回收入池1
2024-06-17T01:58:55.897Z info: Received log message: 3159 8 重用对象 0
2024-06-17T01:58:55.899Z info: Received log message: 3159 回收入池1
2024-06-17T01:58:55.966Z info: Received log message: 3161 8 重用对象 0
2024-06-17T01:58:55.995Z info: Received log message: 3162 回收入池1
2024-06-17T01:58:56.038Z info: Received log message: 3163 8 重用对象 0
2024-06-17T01:58:56.098Z info: Received log message: 3165 9 创建对象 0
2024-06-17T01:58:56.099Z info: Received log message: 3165 回收入池1
2024-06-17T01:58:56.162Z info: Received log message: 3167 9 重用对象 0
2024-06-17T01:58:56.164Z info: Received log message: 3167 回收入池1
2024-06-17T01:58:56.195Z info: Received log message: 3168 回收入池2
2024-06-17T01:58:56.232Z info: Received log message: 3169 8 重用对象 1
2024-06-17T01:58:56.234Z info: Received log message: 3169 回收入池2
2024-06-17T01:58:56.295Z info: Received log message: 3171 8 重用对象 1
2024-06-17T01:58:56.364Z info: Received log message: 3173 9 重用对象 0
2024-06-17T01:58:56.443Z info: Received log message: 3175 回收入池1
2024-06-17T01:58:56.445Z info: Received log message: 3175 10 创建对象 0
2024-06-17T01:58:56.477Z info: Received log message: 3176 回收入池2
2024-06-17T01:58:56.521Z info: Received log message: 3177 9 重用对象 1
2024-06-17T01:58:56.552Z info: Received log message: 3178 回收入池2
2024-06-17T01:58:56.588Z info: Received log message: 3179 回收入池2
2024-06-17T01:58:56.589Z info: Received log message: 3179 9 重用对象 1
2024-06-17T01:58:56.640Z info: Received log message: 3181 9 重用对象 1
2024-06-17T01:58:56.642Z info: Received log message: 3181 回收入池2
2024-06-17T01:58:56.705Z info: Received log message: 3183 9 重用对象 1
2024-06-17T01:58:56.771Z info: Received log message: 3185 10 重用对象 0
2024-06-17T01:58:56.859Z info: Received log message: 3188 回收入池2
2024-06-17T01:58:56.861Z info: Received log message: 3188 回收入池1
2024-06-17T01:58:56.910Z info: Received log message: 3189 回收入池3
2024-06-17T01:58:56.927Z info: Received log message: 3190 回收入池4
2024-06-17T01:58:56.970Z info: Received log message: 3191 回收入池5
2024-06-17T01:58:56.971Z info: Received log message: 3191 回收入池6
2024-06-17T01:58:57.031Z info: Received log message: 3193 回收入池8
2024-06-17T01:58:57.033Z info: Received log message: 3193 回收入池7
2024-06-17T01:58:57.065Z info: Received log message: 3194 回收入池9
2024-06-17T01:58:57.335Z info: Received log message: 3202 回收入池10
2024-06-17T01:58:57.497Z info: Received log message: 3207 回收入池11
2024-06-17T01:59:05.361Z info: Received log message: 3443 0 重用对象 10
2024-06-17T01:59:05.926Z info: Received log message: 3460 回收入池11
2024-06-17T01:59:06.799Z info: Received log message: 3486 0 重用对象 10
2024-06-17T01:59:06.833Z info: Received log message: 3487 1 重用对象 9
2024-06-17T01:59:07.236Z info: Received log message: 3499 回收入池10
2024-06-17T01:59:07.593Z info: Received log message: 3510 回收入池11
2024-06-17T01:59:08.126Z info: Received log message: 3526 0 重用对象 10
2024-06-17T01:59:08.160Z info: Received log message: 3527 1 重用对象 9
2024-06-17T01:59:08.543Z info: Received log message: 3538 回收入池10
2024-06-17T01:59:08.958Z info: Received log message: 3551 回收入池11
2024-06-17T01:59:13.473Z info: Received log message: 3680 0 创建对象 undefined
2024-06-17T01:59:13.507Z info: Received log message: 3681 1 创建对象 undefined
2024-06-17T01:59:13.568Z info: Received log message: 3682 3 创建对象 undefined
2024-06-17T01:59:13.569Z info: Received log message: 3682 2 创建对象 undefined
2024-06-17T01:59:13.590Z info: Received log message: 3683 5 创建对象 undefined
2024-06-17T01:59:13.593Z info: Received log message: 3683 6 创建对象 undefined
2024-06-17T01:59:13.594Z info: Received log message: 3683 4 创建对象 undefined
2024-06-17T01:59:13.617Z info: Received log message: 3684 8 创建对象 undefined
2024-06-17T01:59:13.620Z info: Received log message: 3684 10 创建对象 undefined
2024-06-17T01:59:13.625Z info: Received log message: 3684 7 创建对象 undefined
2024-06-17T01:59:13.627Z info: Received log message: 3684 11 创建对象 undefined
2024-06-17T01:59:13.629Z info: Received log message: 3684 9 创建对象 undefined
2024-06-17T01:59:13.644Z info: Received log message: 3685 13 创建对象 undefined
2024-06-17T01:59:13.645Z info: Received log message: 3685 14 创建对象 undefined
2024-06-17T01:59:13.649Z info: Received log message: 3685 15 创建对象 undefined
2024-06-17T01:59:13.651Z info: Received log message: 3685 12 创建对象 undefined
2024-06-17T01:59:13.674Z info: Received log message: 3686 16 创建对象 undefined
2024-06-17T01:59:13.675Z info: Received log message: 3686 18 创建对象 undefined
2024-06-17T01:59:13.679Z info: Received log message: 3686 19 创建对象 undefined
2024-06-17T01:59:13.681Z info: Received log message: 3686 17 创建对象 undefined
2024-06-17T01:59:13.703Z info: Received log message: 3687 20 创建对象 undefined
2024-06-17T01:59:13.907Z info: Received log message: 3693 回收入池1
2024-06-17T01:59:13.940Z info: Received log message: 3694 20 重用对象 0
2024-06-17T01:59:13.971Z info: Received log message: 3695 回收入池3
2024-06-17T01:59:13.973Z info: Received log message: 3695 回收入池2
2024-06-17T01:59:13.977Z info: Received log message: 3695 回收入池1
2024-06-17T01:59:13.995Z info: Received log message: 3696 18 重用对象 2
2024-06-17T01:59:14.000Z info: Received log message: 3696 20 重用对象 0
2024-06-17T01:59:14.006Z info: Received log message: 3696 回收入池1
2024-06-17T01:59:14.007Z info: Received log message: 3696 19 重用对象 1
2024-06-17T01:59:14.034Z info: Received log message: 3697 回收入池1
2024-06-17T01:59:14.037Z info: Received log message: 3697 回收入池3
2024-06-17T01:59:14.042Z info: Received log message: 3697 回收入池2
2024-06-17T01:59:14.045Z info: Received log message: 3697 20 重用对象 0
2024-06-17T01:59:14.068Z info: Received log message: 3698 18 重用对象 2
2024-06-17T01:59:14.069Z info: Received log message: 3698 19 重用对象 1
2024-06-17T01:59:14.071Z info: Received log message: 3698 20 重用对象 0
2024-06-17T01:59:14.072Z info: Received log message: 3698 回收入池2
2024-06-17T01:59:14.074Z info: Received log message: 3698 回收入池1
2024-06-17T01:59:14.080Z info: Received log message: 3698 回收入池3
2024-06-17T01:59:14.097Z info: Received log message: 3699 19 重用对象 1
2024-06-17T01:59:14.100Z info: Received log message: 3699 20 重用对象 0
2024-06-17T01:59:14.102Z info: Received log message: 3699 回收入池1
2024-06-17T01:59:14.107Z info: Received log message: 3699 18 重用对象 2
2024-06-17T01:59:14.139Z info: Received log message: 3700 20 重用对象 0
2024-06-17T01:59:14.173Z info: Received log message: 3701 回收入池2
2024-06-17T01:59:14.174Z info: Received log message: 3701 回收入池1
2024-06-17T01:59:14.208Z info: Received log message: 3702 19 重用对象 1
2024-06-17T01:59:14.209Z info: Received log message: 3702 回收入池2
2024-06-17T01:59:14.227Z info: Received log message: 3703 19 重用对象 1
2024-06-17T01:59:14.328Z info: Received log message: 3706 回收入池2
2024-06-17T01:59:14.374Z info: Received log message: 3707 回收入池3
2024-06-17T01:59:14.393Z info: Received log message: 3708 回收入池4
2024-06-17T01:59:14.394Z info: Received log message: 3708 回收入池5
2024-06-17T01:59:14.439Z info: Received log message: 3709 回收入池6
2024-06-17T01:59:14.440Z info: Received log message: 3709 回收入池8
2024-06-17T01:59:14.446Z info: Received log message: 3709 回收入池7
2024-06-17T01:59:14.472Z info: Received log message: 3710 回收入池9
2024-06-17T01:59:14.499Z info: Received log message: 3711 回收入池10
2024-06-17T01:59:14.502Z info: Received log message: 3711 回收入池12
2024-06-17T01:59:14.506Z info: Received log message: 3711 回收入池11
2024-06-17T01:59:14.510Z info: Received log message: 3711 回收入池13
2024-06-17T01:59:14.561Z info: Received log message: 3713 回收入池14
2024-06-17T01:59:14.592Z info: Received log message: 3714 回收入池16
2024-06-17T01:59:14.593Z info: Received log message: 3714 回收入池15
2024-06-17T01:59:14.662Z info: Received log message: 3716 回收入池17
2024-06-17T01:59:14.692Z info: Received log message: 3717 回收入池18
2024-06-17T01:59:14.727Z info: Received log message: 3718 回收入池19
2024-06-17T01:59:14.904Z info: Received log message: 3723 回收入池20
2024-06-17T01:59:15.030Z info: Received log message: 3727 回收入池21
2024-06-17T02:04:26.900Z info: Received log message: 44 单位获取成功: 
{
    "Hue": -20,
    "Saturation": -50,
    "Contrast": 50,
    "Brightness": -50,
    "level": 0
}
2024-06-17T02:04:26.903Z info: Received log message: 44 单位获取成功: 
{
    "Hue": 0,
    "Saturation": 0,
    "Contrast": 0,
    "Brightness": 0,
    "level": 7
}
2024-06-17T02:04:26.921Z info: Received log message: 44 单位获取成功: 
{
    "Hue": 0,
    "Saturation": 0,
    "Contrast": 0,
    "Brightness": 30,
    "level": 9
}
2024-06-17T02:04:26.924Z info: Received log message: 44 单位获取成功: 
{
    "Hue": 0,
    "Saturation": 0,
    "Contrast": 0,
    "Brightness": 0,
    "level": 7
}
2024-06-17T02:04:26.926Z info: Received log message: 44 单位获取成功: 
{
    "Hue": 0,
    "Saturation": 10,
    "Contrast": 0,
    "Brightness": 15,
    "level": 8
}
2024-06-17T02:04:26.931Z info: Received log message: 44 单位获取成功: 
{
    "Hue": 20,
    "Saturation": 0,
    "Contrast": 21.4,
    "Brightness": -4.3,
    "level": 4
}
2024-06-17T02:04:26.933Z info: Received log message: 44 单位获取成功: 
{
    "Hue": -10,
    "Saturation": -40,
    "Contrast": 42.9,
    "Brightness": -38.6,
    "level": 1
}
2024-06-17T02:04:26.948Z info: Received log message: 44 单位获取成功: 
{
    "Hue": 10,
    "Saturation": -20,
    "Contrast": 28.6,
    "Brightness": -15.7,
    "level": 3
}
2024-06-17T02:04:26.956Z info: Received log message: 44 单位获取成功: 
{
    "Hue": 0,
    "Saturation": -10,
    "Contrast": 35.7,
    "Brightness": -27.1,
    "level": 2
}
2024-06-17T02:04:26.961Z info: Received log message: 44 单位获取成功: 
{
    "blueMultiplier": 0.15,
    "greenMultiplier": 1,
    "redMultiplier": 0.15,
    "Hue": 0,
    "Saturation": 0,
    "Contrast": 50,
    "Brightness": 0,
    "level": 0
}
2024-06-17T02:04:26.967Z info: Received log message: 44 单位获取成功: 
{
    "Hue": 0,
    "Saturation": 0,
    "Contrast": 0,
    "Brightness": 30,
    "level": 9
}
2024-06-17T02:04:26.980Z info: Received log message: 44 单位获取成功: 
{
    "Hue": 10,
    "Saturation": 0,
    "Contrast": 14.3,
    "Brightness": 0,
    "level": 5
}
2024-06-17T02:04:26.982Z info: Received log message: 44 单位获取成功: 
{
    "blueMultiplier": 0.15,
    "greenMultiplier": 1,
    "redMultiplier": 0.15,
    "Hue": 0,
    "Saturation": 0,
    "Contrast": 30,
    "Brightness": 25,
    "level": 2
}
2024-06-17T02:04:26.985Z info: Received log message: 44 单位获取成功: 
{
    "Hue": 0,
    "Saturation": 0,
    "Contrast": 7.1,
    "Brightness": 0,
    "level": 6
}
2024-06-17T02:04:26.987Z info: Received log message: 44 单位获取成功: 
{
    "blueMultiplier": 0.5,
    "redMultiplier": 0.5,
    "Hue": 0,
    "Saturation": -20,
    "Contrast": 13.33,
    "Brightness": 33.33,
    "level": 5
}
2024-06-17T02:04:26.989Z info: Received log message: 44 单位获取成功: 
{
    "Hue": 0,
    "Saturation": -30,
    "Contrast": 35.7,
    "Brightness": -27.1,
    "level": 2
}
2024-06-17T02:04:26.991Z info: Received log message: 44 单位获取成功: 
{
    "Hue": 0,
    "Saturation": 10,
    "Contrast": 0,
    "Brightness": 20,
    "level": 8
}
2024-06-17T02:04:26.996Z info: Received log message: 44 单位获取成功: 
{
    "Hue": 0,
    "Saturation": 0,
    "Contrast": 7.1,
    "Brightness": 0,
    "level": 6
}
2024-06-17T02:04:27.000Z info: Received log message: 44 单位获取成功: 
{
    "blueMultiplier": 0.15,
    "greenMultiplier": 1,
    "redMultiplier": 0.15,
    "Hue": 0,
    "Saturation": 0,
    "Contrast": 40,
    "Brightness": 15,
    "level": 1
}
2024-06-17T02:04:27.011Z info: Received log message: 44 单位获取成功: 
{
    "blueMultiplier": 0.2,
    "greenMultiplier": 1,
    "redMultiplier": 0.2,
    "Hue": 0,
    "Saturation": 0,
    "Contrast": 15,
    "Brightness": 32.5,
    "level": 3
}
2024-06-17T02:04:27.018Z info: Received log message: 44 单位获取成功: 
{
    "Hue": -20,
    "Saturation": -20,
    "Contrast": 50,
    "Brightness": -50,
    "level": 0
}
2024-06-17T02:04:27.026Z info: Received log message: 44 单位获取成功: 
{
    "Hue": -10,
    "Saturation": -15,
    "Contrast": 42.9,
    "Brightness": -38.6,
    "level": 1
}
2024-06-17T02:04:27.032Z info: Received log message: 44 单位获取成功: 
{
    "blueMultiplier": 0.8,
    "redMultiplier": 0.8,
    "Hue": 0,
    "Saturation": -10,
    "Contrast": 6.67,
    "Brightness": 16.67,
    "level": 6
}
2024-06-17T02:04:27.043Z info: Received log message: 44 单位获取成功: 
{
    "Hue": 10,
    "Saturation": 0,
    "Contrast": 14.3,
    "Brightness": 0,
    "level": 5
}
2024-06-17T02:04:27.047Z info: Received log message: 44 单位获取成功: 
{
    "Hue": 0,
    "Saturation": 0,
    "Contrast": 0,
    "Brightness": 0,
    "level": 7
}
2024-06-17T02:04:27.049Z info: Received log message: 44 单位获取成功: 
{
    "Hue": 10,
    "Saturation": -5,
    "Contrast": 28.6,
    "Brightness": -15.7,
    "level": 3
}
2024-06-17T02:04:27.051Z info: Received log message: 44 单位获取成功: 
{
    "blueMultiplier": 0.3,
    "greenMultiplier": 1,
    "redMultiplier": 0.3,
    "Hue": 0,
    "Saturation": 0,
    "Contrast": 20,
    "Brightness": 50,
    "level": 4
}
2024-06-17T02:04:27.053Z info: Received log message: 44 单位获取成功: 
{
    "Hue": 0,
    "Saturation": 20,
    "Contrast": 0,
    "Brightness": 30,
    "level": 9
}
2024-06-17T02:04:27.056Z info: Received log message: 44 单位获取成功: 
{
    "Hue": 20,
    "Saturation": -10,
    "Contrast": 21.4,
    "Brightness": -4.3,
    "level": 4
}
2024-06-17T02:04:27.059Z info: Received log message: 44 单位获取成功: 
{
    "Hue": 0,
    "Saturation": 0,
    "Contrast": 0,
    "Brightness": 20,
    "level": 8
}
2024-06-17T02:04:27.073Z info: Received log message: 44 色彩预设表已成功加载并配置。
2024-06-17T02:04:27.304Z info: Received log message: 58 加载场景背景 jxgk_BG.swf 未命名对象: undefined
2024-06-17T02:05:31.264Z info: Server running on http://localhost:3000
2024-06-17T02:06:56.905Z info: Received log message: 44 单位获取成功: 
{
    "blueMultiplier": 0.15,
    "greenMultiplier": 1,
    "redMultiplier": 0.15,
    "Hue": 0,
    "Saturation": 0,
    "Contrast": 50,
    "Brightness": 0,
    "level": 0
}
2024-06-17T02:06:56.913Z info: Received log message: 44 单位获取成功: 
{
    "Hue": 20,
    "Saturation": -10,
    "Contrast": 21.4,
    "Brightness": -4.3,
    "level": 4
}
2024-06-17T02:06:56.915Z info: Received log message: 44 单位获取成功: 
{
    "Hue": 0,
    "Saturation": 10,
    "Contrast": 0,
    "Brightness": 15,
    "level": 8
}
2024-06-17T02:06:56.917Z info: Received log message: 44 单位获取成功: 
{
    "Hue": -10,
    "Saturation": -15,
    "Contrast": 42.9,
    "Brightness": -38.6,
    "level": 1
}
2024-06-17T02:06:56.919Z info: Received log message: 44 单位获取成功: 
{
    "blueMultiplier": 0.15,
    "greenMultiplier": 1,
    "redMultiplier": 0.15,
    "Hue": 0,
    "Saturation": 0,
    "Contrast": 40,
    "Brightness": 15,
    "level": 1
}
2024-06-17T02:06:56.922Z info: Received log message: 44 单位获取成功: 
{
    "Hue": 0,
    "Saturation": 0,
    "Contrast": 0,
    "Brightness": 30,
    "level": 9
}
2024-06-17T02:06:56.927Z info: Received log message: 44 单位获取成功: 
{
    "Hue": 0,
    "Saturation": 0,
    "Contrast": 0,
    "Brightness": 20,
    "level": 8
}
2024-06-17T02:06:56.930Z info: Received log message: 44 色彩预设表已成功加载并配置。
2024-06-17T02:06:56.932Z info: Received log message: 44 单位获取成功: 
{
    "Hue": 20,
    "Saturation": 0,
    "Contrast": 21.4,
    "Brightness": -4.3,
    "level": 4
}
2024-06-17T02:06:56.935Z info: Received log message: 44 单位获取成功: 
{
    "blueMultiplier": 0.5,
    "redMultiplier": 0.5,
    "Hue": 0,
    "Saturation": -20,
    "Contrast": 13.33,
    "Brightness": 33.33,
    "level": 5
}
2024-06-17T02:06:56.942Z info: Received log message: 44 单位获取成功: 
{
    "Hue": 0,
    "Saturation": 20,
    "Contrast": 0,
    "Brightness": 30,
    "level": 9
}
2024-06-17T02:06:56.943Z info: Received log message: 44 单位获取成功: 
{
    "Hue": 0,
    "Saturation": -30,
    "Contrast": 35.7,
    "Brightness": -27.1,
    "level": 2
}
2024-06-17T02:06:56.945Z info: Received log message: 44 单位获取成功: 
{
    "Hue": -20,
    "Saturation": -50,
    "Contrast": 50,
    "Brightness": -50,
    "level": 0
}
2024-06-17T02:06:56.947Z info: Received log message: 44 单位获取成功: 
{
    "blueMultiplier": 0.3,
    "greenMultiplier": 1,
    "redMultiplier": 0.3,
    "Hue": 0,
    "Saturation": 0,
    "Contrast": 20,
    "Brightness": 50,
    "level": 4
}
2024-06-17T02:06:56.949Z info: Received log message: 44 单位获取成功: 
{
    "Hue": 0,
    "Saturation": 0,
    "Contrast": 0,
    "Brightness": 0,
    "level": 7
}
2024-06-17T02:06:56.950Z info: Received log message: 44 单位获取成功: 
{
    "Hue": 10,
    "Saturation": 0,
    "Contrast": 14.3,
    "Brightness": 0,
    "level": 5
}
2024-06-17T02:06:56.954Z info: Received log message: 44 单位获取成功: 
{
    "blueMultiplier": 0.8,
    "redMultiplier": 0.8,
    "Hue": 0,
    "Saturation": -10,
    "Contrast": 6.67,
    "Brightness": 16.67,
    "level": 6
}
2024-06-17T02:06:56.958Z info: Received log message: 44 单位获取成功: 
{
    "Hue": 10,
    "Saturation": -5,
    "Contrast": 28.6,
    "Brightness": -15.7,
    "level": 3
}
2024-06-17T02:06:56.959Z info: Received log message: 44 单位获取成功: 
{
    "Hue": 0,
    "Saturation": 0,
    "Contrast": 0,
    "Brightness": 30,
    "level": 9
}
2024-06-17T02:06:56.961Z info: Received log message: 44 单位获取成功: 
{
    "Hue": -20,
    "Saturation": -20,
    "Contrast": 50,
    "Brightness": -50,
    "level": 0
}
2024-06-17T02:06:56.963Z info: Received log message: 44 单位获取成功: 
{
    "Hue": 10,
    "Saturation": 0,
    "Contrast": 14.3,
    "Brightness": 0,
    "level": 5
}
2024-06-17T02:06:56.965Z info: Received log message: 44 单位获取成功: 
{
    "Hue": 0,
    "Saturation": -10,
    "Contrast": 35.7,
    "Brightness": -27.1,
    "level": 2
}
2024-06-17T02:06:56.966Z info: Received log message: 44 单位获取成功: 
{
    "Hue": 0,
    "Saturation": 10,
    "Contrast": 0,
    "Brightness": 20,
    "level": 8
}
2024-06-17T02:06:56.971Z info: Received log message: 44 单位获取成功: 
{
    "Hue": 0,
    "Saturation": 0,
    "Contrast": 7.1,
    "Brightness": 0,
    "level": 6
}
2024-06-17T02:06:56.972Z info: Received log message: 44 单位获取成功: 
{
    "Hue": 0,
    "Saturation": 0,
    "Contrast": 7.1,
    "Brightness": 0,
    "level": 6
}
2024-06-17T02:06:56.974Z info: Received log message: 44 单位获取成功: 
{
    "Hue": 10,
    "Saturation": -20,
    "Contrast": 28.6,
    "Brightness": -15.7,
    "level": 3
}
2024-06-17T02:06:56.975Z info: Received log message: 44 单位获取成功: 
{
    "blueMultiplier": 0.2,
    "greenMultiplier": 1,
    "redMultiplier": 0.2,
    "Hue": 0,
    "Saturation": 0,
    "Contrast": 15,
    "Brightness": 32.5,
    "level": 3
}
2024-06-17T02:06:56.977Z info: Received log message: 44 单位获取成功: 
{
    "Hue": 0,
    "Saturation": 0,
    "Contrast": 0,
    "Brightness": 0,
    "level": 7
}
2024-06-17T02:06:56.978Z info: Received log message: 44 单位获取成功: 
{
    "Hue": -10,
    "Saturation": -40,
    "Contrast": 42.9,
    "Brightness": -38.6,
    "level": 1
}
2024-06-17T02:06:56.979Z info: Received log message: 44 单位获取成功: 
{
    "Hue": 0,
    "Saturation": 0,
    "Contrast": 0,
    "Brightness": 0,
    "level": 7
}
2024-06-17T02:06:56.980Z info: Received log message: 44 单位获取成功: 
{
    "blueMultiplier": 0.15,
    "greenMultiplier": 1,
    "redMultiplier": 0.15,
    "Hue": 0,
    "Saturation": 0,
    "Contrast": 30,
    "Brightness": 25,
    "level": 2
}
2024-06-17T02:06:57.295Z info: Received log message: 58 加载场景背景 jxgk_BG.swf 未命名对象: undefined
2024-06-17T02:07:44.265Z info: Received log message: 1442 0 创建对象 火花:undefined
2024-06-17T02:07:44.667Z info: Received log message: 1454 回收入池1
2024-06-17T02:07:47.213Z info: Received log message: 1530 0 重用对象 火花:0
2024-06-17T02:07:47.231Z info: Received log message: 1531 1 创建对象 火花:0
2024-06-17T02:07:47.233Z info: Received log message: 1531 2 创建对象 火花:0
2024-06-17T02:07:47.281Z info: Received log message: 1532 4 创建对象 火花:0
2024-06-17T02:07:47.284Z info: Received log message: 1532 3 创建对象 火花:0
2024-06-17T02:07:47.313Z info: Received log message: 1533 6 创建对象 火花:0
2024-06-17T02:07:47.317Z info: Received log message: 1533 5 创建对象 火花:0
2024-06-17T02:07:47.325Z info: Received log message: 1533 7 创建对象 火花:0
2024-06-17T02:07:47.353Z info: Received log message: 1534 9 创建对象 火花:0
2024-06-17T02:07:47.354Z info: Received log message: 1534 8 创建对象 火花:0
2024-06-17T02:07:47.366Z info: Received log message: 1534 10 创建对象 火花:0
2024-06-17T02:07:47.386Z info: Received log message: 1535 11 创建对象 火花:0
2024-06-17T02:07:47.387Z info: Received log message: 1535 13 创建对象 火花:0
2024-06-17T02:07:47.392Z info: Received log message: 1535 12 创建对象 火花:0
2024-06-17T02:07:47.414Z info: Received log message: 1536 14 创建对象 火花:0
2024-06-17T02:07:47.418Z info: Received log message: 1536 15 创建对象 火花:0
2024-06-17T02:07:47.475Z info: Received log message: 1537 17 创建对象 火花:0
2024-06-17T02:07:47.476Z info: Received log message: 1537 16 创建对象 火花:0
2024-06-17T02:07:47.497Z info: Received log message: 1538 18 创建对象 火花:0
2024-06-17T02:07:47.499Z info: Received log message: 1538 19 创建对象 火花:0
2024-06-17T02:07:47.516Z info: Received log message: 1539 20 创建对象 火花:0
2024-06-17T02:07:47.628Z info: Received log message: 1543 回收入池2
2024-06-17T02:07:47.630Z info: Received log message: 1543 回收入池1
2024-06-17T02:07:47.676Z info: Received log message: 1544 回收入池3
2024-06-17T02:07:47.696Z info: Received log message: 1545 回收入池5
2024-06-17T02:07:47.698Z info: Received log message: 1545 回收入池4
2024-06-17T02:07:47.700Z info: Received log message: 1545 回收入池6
2024-06-17T02:07:47.737Z info: Received log message: 1546 回收入池7
2024-06-17T02:07:47.740Z info: Received log message: 1546 回收入池9
2024-06-17T02:07:47.747Z info: Received log message: 1546 回收入池10
2024-06-17T02:07:47.749Z info: Received log message: 1546 回收入池8
2024-06-17T02:07:47.806Z info: Received log message: 1547 回收入池11
2024-06-17T02:07:47.810Z info: Received log message: 1547 回收入池12
2024-06-17T02:07:47.852Z info: Received log message: 1548 回收入池14
2024-06-17T02:07:47.854Z info: Received log message: 1548 回收入池13
2024-06-17T02:07:48.041Z info: Received log message: 1549 回收入池15
2024-06-17T02:07:48.102Z info: Received log message: 1551 回收入池16
2024-06-17T02:07:48.136Z info: Received log message: 1552 回收入池17
2024-06-17T02:07:48.194Z info: Received log message: 1554 回收入池18
2024-06-17T02:07:48.241Z info: Received log message: 1555 回收入池19
2024-06-17T02:07:48.243Z info: Received log message: 1555 回收入池20
2024-06-17T02:07:48.276Z info: Received log message: 1556 回收入池21
2024-06-17T02:07:50.670Z info: Received log message: 1628 0 重用对象 火花:20
2024-06-17T02:07:50.701Z info: Received log message: 1629 2 重用对象 火花:18
2024-06-17T02:07:50.703Z info: Received log message: 1629 1 重用对象 火花:19
2024-06-17T02:07:50.733Z info: Received log message: 1630 3 重用对象 火花:17
2024-06-17T02:07:50.735Z info: Received log message: 1630 4 重用对象 火花:16
2024-06-17T02:07:50.767Z info: Received log message: 1631 5 重用对象 火花:15
2024-06-17T02:07:50.768Z info: Received log message: 1631 6 重用对象 火花:14
2024-06-17T02:07:50.776Z info: Received log message: 1631 7 重用对象 火花:13
2024-06-17T02:07:50.805Z info: Received log message: 1632 8 重用对象 火花:12
2024-06-17T02:07:50.808Z info: Received log message: 1632 9 重用对象 火花:11
2024-06-17T02:07:50.812Z info: Received log message: 1632 10 重用对象 火花:10
2024-06-17T02:07:50.845Z info: Received log message: 1633 12 重用对象 火花:8
2024-06-17T02:07:50.847Z info: Received log message: 1633 11 重用对象 火花:9
2024-06-17T02:07:50.852Z info: Received log message: 1633 13 重用对象 火花:7
2024-06-17T02:07:50.878Z info: Received log message: 1634 15 重用对象 火花:5
2024-06-17T02:07:50.880Z info: Received log message: 1634 14 重用对象 火花:6
2024-06-17T02:07:50.910Z info: Received log message: 1635 16 重用对象 火花:4
2024-06-17T02:07:50.912Z info: Received log message: 1635 17 重用对象 火花:3
2024-06-17T02:07:50.916Z info: Received log message: 1635 18 重用对象 火花:2
2024-06-17T02:07:50.936Z info: Received log message: 1636 19 重用对象 火花:1
2024-06-17T02:07:50.972Z info: Received log message: 1637 20 重用对象 火花:0
2024-06-17T02:07:51.096Z info: Received log message: 1641 回收入池1
2024-06-17T02:07:51.143Z info: Received log message: 1642 回收入池1
2024-06-17T02:07:51.145Z info: Received log message: 1642 20 重用对象 火花:0
2024-06-17T02:07:51.149Z info: Received log message: 1642 回收入池2
2024-06-17T02:07:51.181Z info: Received log message: 1643 20 重用对象 火花:0
2024-06-17T02:07:51.183Z info: Received log message: 1643 19 重用对象 火花:1
2024-06-17T02:07:51.191Z info: Received log message: 1643 回收入池2
2024-06-17T02:07:51.193Z info: Received log message: 1643 回收入池1
2024-06-17T02:07:51.225Z info: Received log message: 1644 20 重用对象 火花:0
2024-06-17T02:07:51.227Z info: Received log message: 1644 19 重用对象 火花:1
2024-06-17T02:07:51.232Z info: Received log message: 1644 回收入池2
2024-06-17T02:07:51.238Z info: Received log message: 1644 回收入池1
2024-06-17T02:07:51.255Z info: Received log message: 1645 20 重用对象 火花:0
2024-06-17T02:07:51.258Z info: Received log message: 1645 回收入池1
2024-06-17T02:07:51.260Z info: Received log message: 1645 回收入池2
2024-06-17T02:07:51.269Z info: Received log message: 1645 19 重用对象 火花:1
2024-06-17T02:07:51.288Z info: Received log message: 1646 回收入池2
2024-06-17T02:07:51.291Z info: Received log message: 1646 回收入池3
2024-06-17T02:07:51.296Z info: Received log message: 1646 19 重用对象 火花:1
2024-06-17T02:07:51.315Z info: Received log message: 1647 回收入池3
2024-06-17T02:07:51.318Z info: Received log message: 1647 回收入池4
2024-06-17T02:07:51.320Z info: Received log message: 1647 回收入池6
2024-06-17T02:07:51.328Z info: Received log message: 1647 回收入池5
2024-06-17T02:07:51.334Z info: Received log message: 1647 18 重用对象 火花:2
2024-06-17T02:07:51.351Z info: Received log message: 1648 回收入池7
2024-06-17T02:07:51.357Z info: Received log message: 1648 回收入池8
2024-06-17T02:07:51.496Z info: Received log message: 1653 回收入池9
2024-06-17T02:07:51.574Z info: Received log message: 1655 回收入池10
2024-06-17T02:07:51.605Z info: Received log message: 1656 回收入池11
2024-06-17T02:07:51.607Z info: Received log message: 1656 回收入池12
2024-06-17T02:07:51.635Z info: Received log message: 1657 回收入池13
2024-06-17T02:07:51.637Z info: Received log message: 1657 回收入池14
2024-06-17T02:07:51.644Z info: Received log message: 1657 回收入池15
2024-06-17T02:07:51.698Z info: Received log message: 1659 回收入池17
2024-06-17T02:07:51.700Z info: Received log message: 1659 回收入池16
2024-06-17T02:07:51.760Z info: Received log message: 1661 回收入池19
2024-06-17T02:07:51.761Z info: Received log message: 1661 回收入池18
2024-06-17T02:07:51.974Z info: Received log message: 1667 回收入池20
2024-06-17T02:07:52.065Z info: Received log message: 1670 回收入池21
2024-06-17T02:07:52.178Z info: Received log message: 1673 0 重用对象 火花:20
2024-06-17T02:07:52.200Z info: Received log message: 1674 1 重用对象 火花:19
2024-06-17T02:07:52.202Z info: Received log message: 1674 2 重用对象 火花:18
2024-06-17T02:07:52.242Z info: Received log message: 1675 3 重用对象 火花:17
2024-06-17T02:07:52.244Z info: Received log message: 1675 4 重用对象 火花:16
2024-06-17T02:07:52.275Z info: Received log message: 1676 5 重用对象 火花:15
2024-06-17T02:07:52.277Z info: Received log message: 1676 6 重用对象 火花:14
2024-06-17T02:07:52.286Z info: Received log message: 1676 7 重用对象 火花:13
2024-06-17T02:07:52.318Z info: Received log message: 1677 8 重用对象 火花:12
2024-06-17T02:07:52.320Z info: Received log message: 1677 9 重用对象 火花:11
2024-06-17T02:07:52.326Z info: Received log message: 1677 10 重用对象 火花:10
2024-06-17T02:07:52.348Z info: Received log message: 1678 11 重用对象 火花:9
2024-06-17T02:07:52.350Z info: Received log message: 1678 13 重用对象 火花:7
2024-06-17T02:07:52.351Z info: Received log message: 1678 12 重用对象 火花:8
2024-06-17T02:07:52.373Z info: Received log message: 1679 14 重用对象 火花:6
2024-06-17T02:07:52.375Z info: Received log message: 1679 15 重用对象 火花:5
2024-06-17T02:07:52.406Z info: Received log message: 1680 17 重用对象 火花:3
2024-06-17T02:07:52.408Z info: Received log message: 1680 16 重用对象 火花:4
2024-06-17T02:07:52.415Z info: Received log message: 1680 18 重用对象 火花:2
2024-06-17T02:07:52.444Z info: Received log message: 1681 20 重用对象 火花:0
2024-06-17T02:07:52.446Z info: Received log message: 1681 19 重用对象 火花:1
2024-06-17T02:07:52.632Z info: Received log message: 1687 21 创建对象 火花:0
2024-06-17T02:07:52.633Z info: Received log message: 1687 回收入池2
2024-06-17T02:07:52.642Z info: Received log message: 1687 回收入池1
2024-06-17T02:07:52.674Z info: Received log message: 1688 回收入池2
2024-06-17T02:07:52.677Z info: Received log message: 1688 20 重用对象 火花:1
2024-06-17T02:07:52.698Z info: Received log message: 1689 回收入池4
2024-06-17T02:07:52.700Z info: Received log message: 1689 回收入池3
2024-06-17T02:07:52.702Z info: Received log message: 1689 回收入池5
2024-06-17T02:07:52.744Z info: Received log message: 1690 回收入池6
2024-06-17T02:07:52.773Z info: Received log message: 1691 回收入池7
2024-06-17T02:07:52.801Z info: Received log message: 1692 回收入池9
2024-06-17T02:07:52.803Z info: Received log message: 1692 回收入池8
2024-06-17T02:07:52.808Z info: Received log message: 1692 回收入池10
2024-06-17T02:07:52.834Z info: Received log message: 1693 回收入池11
2024-06-17T02:07:52.836Z info: Received log message: 1693 回收入池12
2024-06-17T02:07:52.894Z info: Received log message: 1695 回收入池13
2024-06-17T02:07:52.966Z info: Received log message: 1697 回收入池14
2024-06-17T02:07:53.002Z info: Received log message: 1698 回收入池15
2024-06-17T02:07:53.004Z info: Received log message: 1698 回收入池16
2024-06-17T02:07:53.066Z info: Received log message: 1700 回收入池17
2024-06-17T02:07:53.099Z info: Received log message: 1701 回收入池18
2024-06-17T02:07:53.100Z info: Received log message: 1701 回收入池19
2024-06-17T02:07:53.174Z info: Received log message: 1703 回收入池20
2024-06-17T02:07:53.202Z info: Received log message: 1704 回收入池21
2024-06-17T02:07:56.775Z info: Received log message: 1802 0 创建对象 火花:undefined
2024-06-17T02:07:56.806Z info: Received log message: 1803 2 创建对象 火花:undefined
2024-06-17T02:07:56.808Z info: Received log message: 1803 1 创建对象 火花:undefined
2024-06-17T02:07:56.851Z info: Received log message: 1804 3 创建对象 火花:undefined
2024-06-17T02:07:56.897Z info: Received log message: 1806 4 创建对象 火花:undefined
2024-06-17T02:07:56.929Z info: Received log message: 1807 5 创建对象 火花:undefined
2024-06-17T02:07:56.975Z info: Received log message: 1808 6 创建对象 火花:undefined
2024-06-17T02:07:57.003Z info: Received log message: 1809 7 创建对象 火花:undefined
2024-06-17T02:07:57.034Z info: Received log message: 1810 8 创建对象 火花:undefined
2024-06-17T02:07:57.067Z info: Received log message: 1811 9 创建对象 火花:undefined
2024-06-17T02:07:57.099Z info: Received log message: 1812 10 创建对象 火花:undefined
2024-06-17T02:07:57.173Z info: Received log message: 1814 回收入池1
2024-06-17T02:07:57.238Z info: Received log message: 1816 回收入池2
2024-06-17T02:07:57.240Z info: Received log message: 1816 回收入池3
2024-06-17T02:07:57.374Z info: Received log message: 1820 回收入池4
2024-06-17T02:07:57.396Z info: Received log message: 1821 回收入池5
2024-06-17T02:07:57.602Z info: Received log message: 1827 回收入池6
2024-06-17T02:07:57.603Z info: Received log message: 1827 回收入池7
2024-06-17T02:07:57.693Z info: Received log message: 1830 回收入池8
2024-06-17T02:07:57.745Z info: Received log message: 1831 回收入池9
2024-06-17T02:07:57.866Z info: Received log message: 1835 回收入池10
2024-06-17T02:07:57.902Z info: Received log message: 1836 回收入池11
2024-06-17T02:08:00.402Z info: Received log message: 1911 0 重用对象 火花:10
2024-06-17T02:08:00.433Z info: Received log message: 1912 2 重用对象 火花:8
2024-06-17T02:08:00.434Z info: Received log message: 1912 1 重用对象 火花:9
2024-06-17T02:08:00.467Z info: Received log message: 1913 3 重用对象 火花:7
2024-06-17T02:08:00.498Z info: Received log message: 1914 4 重用对象 火花:6
2024-06-17T02:08:00.543Z info: Received log message: 1915 5 重用对象 火花:5
2024-06-17T02:08:00.565Z info: Received log message: 1916 6 重用对象 火花:4
2024-06-17T02:08:00.606Z info: Received log message: 1917 7 重用对象 火花:3
2024-06-17T02:08:00.633Z info: Received log message: 1918 8 重用对象 火花:2
2024-06-17T02:08:00.665Z info: Received log message: 1919 9 重用对象 火花:1
2024-06-17T02:08:00.702Z info: Received log message: 1920 10 重用对象 火花:0
2024-06-17T02:08:00.734Z info: Received log message: 1921 11 创建对象 火花:0
2024-06-17T02:08:00.796Z info: Received log message: 1923 12 创建对象 火花:0
2024-06-17T02:08:00.797Z info: Received log message: 1923 回收入池1
2024-06-17T02:08:00.837Z info: Received log message: 1924 12 重用对象 火花:0
2024-06-17T02:08:00.870Z info: Received log message: 1925 13 创建对象 火花:0
2024-06-17T02:08:00.873Z info: Received log message: 1925 回收入池1
2024-06-17T02:08:00.901Z info: Received log message: 1926 13 重用对象 火花:0
2024-06-17T02:08:00.903Z info: Received log message: 1926 回收入池1
2024-06-17T02:08:00.946Z info: Received log message: 1927 13 重用对象 火花:0
2024-06-17T02:08:00.948Z info: Received log message: 1927 回收入池1
2024-06-17T02:08:00.982Z info: Received log message: 1928 回收入池1
2024-06-17T02:08:00.983Z info: Received log message: 1928 13 重用对象 火花:0
2024-06-17T02:08:01.026Z info: Received log message: 1929 13 重用对象 火花:0
2024-06-17T02:08:01.029Z info: Received log message: 1929 回收入池2
2024-06-17T02:08:01.034Z info: Received log message: 1929 回收入池1
2024-06-17T02:08:01.065Z info: Received log message: 1930 12 重用对象 火花:1
2024-06-17T02:08:01.125Z info: Received log message: 1931 回收入池1
2024-06-17T02:08:01.127Z info: Received log message: 1931 13 重用对象 火花:0
2024-06-17T02:08:01.149Z info: Received log message: 1932 13 重用对象 火花:0
2024-06-17T02:08:01.150Z info: Received log message: 1932 回收入池1
2024-06-17T02:08:01.192Z info: Received log message: 1933 13 重用对象 火花:0
2024-06-17T02:08:01.218Z info: Received log message: 1934 回收入池1
2024-06-17T02:08:01.249Z info: Received log message: 1935 13 重用对象 火花:0
2024-06-17T02:08:01.250Z info: Received log message: 1935 回收入池1
2024-06-17T02:08:01.280Z info: Received log message: 1936 13 重用对象 火花:0
2024-06-17T02:08:01.338Z info: Received log message: 1937 14 创建对象 火花:0
2024-06-17T02:08:01.373Z info: Received log message: 1939 15 创建对象 火花:0
2024-06-17T02:08:01.399Z info: Received log message: 1940 回收入池1
2024-06-17T02:08:01.422Z info: Received log message: 1941 回收入池2
2024-06-17T02:08:01.453Z info: Received log message: 1942 回收入池3
2024-06-17T02:08:01.458Z info: Received log message: 1942 回收入池4
2024-06-17T02:08:01.464Z info: Received log message: 1942 回收入池5
2024-06-17T02:08:01.467Z info: Received log message: 1942 回收入池6
2024-06-17T02:08:01.501Z info: Received log message: 1944 回收入池7
2024-06-17T02:08:01.536Z info: Received log message: 1945 回收入池9
2024-06-17T02:08:01.537Z info: Received log message: 1945 回收入池8
2024-06-17T02:08:01.626Z info: Received log message: 1948 回收入池10
2024-06-17T02:08:01.675Z info: Received log message: 1949 回收入池11
2024-06-17T02:08:01.707Z info: Received log message: 1950 回收入池12
2024-06-17T02:08:01.741Z info: Received log message: 1951 回收入池13
2024-06-17T02:08:01.763Z info: Received log message: 1952 回收入池14
2024-06-17T02:08:01.830Z info: Received log message: 1954 回收入池15
2024-06-17T02:08:01.867Z info: Received log message: 1955 回收入池16
2024-06-17T02:08:03.028Z info: Received log message: 1990 1 重用对象 火花:14
2024-06-17T02:08:03.029Z info: Received log message: 1990 0 重用对象 火花:15
2024-06-17T02:08:03.081Z info: Received log message: 1991 2 重用对象 火花:13
2024-06-17T02:08:03.106Z info: Received log message: 1992 3 重用对象 火花:12
2024-06-17T02:08:03.136Z info: Received log message: 1993 4 重用对象 火花:11
2024-06-17T02:08:03.167Z info: Received log message: 1994 5 重用对象 火花:10
2024-06-17T02:08:03.201Z info: Received log message: 1995 6 重用对象 火花:9
2024-06-17T02:08:03.235Z info: Received log message: 1996 7 重用对象 火花:8
2024-06-17T02:08:03.267Z info: Received log message: 1997 8 重用对象 火花:7
2024-06-17T02:08:03.302Z info: Received log message: 1998 9 重用对象 火花:6
2024-06-17T02:08:03.339Z info: Received log message: 1999 10 重用对象 火花:5
2024-06-17T02:08:03.367Z info: Received log message: 2000 11 重用对象 火花:4
2024-06-17T02:08:03.404Z info: Received log message: 2001 12 重用对象 火花:3
2024-06-17T02:08:03.443Z info: Received log message: 2002 13 重用对象 火花:2
2024-06-17T02:08:03.473Z info: Received log message: 2003 回收入池2
2024-06-17T02:08:03.474Z info: Received log message: 2003 14 重用对象 火花:1
2024-06-17T02:08:03.477Z info: Received log message: 2003 回收入池3
2024-06-17T02:08:03.504Z info: Received log message: 2004 13 重用对象 火花:2
2024-06-17T02:08:03.536Z info: Received log message: 2005 14 重用对象 火花:1
2024-06-17T02:08:03.569Z info: Received log message: 2006 15 重用对象 火花:0
2024-06-17T02:08:03.574Z info: Received log message: 2006 回收入池1
2024-06-17T02:08:03.616Z info: Received log message: 2007 回收入池1
2024-06-17T02:08:03.618Z info: Received log message: 2007 15 重用对象 火花:0
2024-06-17T02:08:03.648Z info: Received log message: 2008 15 重用对象 火花:0
2024-06-17T02:08:03.649Z info: Received log message: 2008 回收入池1
2024-06-17T02:08:03.677Z info: Received log message: 2009 回收入池1
2024-06-17T02:08:03.680Z info: Received log message: 2009 15 重用对象 火花:0
2024-06-17T02:08:03.739Z info: Received log message: 2011 15 重用对象 火花:0
2024-06-17T02:08:03.741Z info: Received log message: 2011 回收入池1
2024-06-17T02:08:03.766Z info: Received log message: 2012 15 重用对象 火花:0
2024-06-17T02:08:03.804Z info: Received log message: 2013 16 创建对象 火花:0
2024-06-17T02:08:03.806Z info: Received log message: 2013 回收入池1
2024-06-17T02:08:03.835Z info: Received log message: 2014 回收入池1
2024-06-17T02:08:03.836Z info: Received log message: 2014 16 重用对象 火花:0
2024-06-17T02:08:03.865Z info: Received log message: 2015 16 重用对象 火花:0
2024-06-17T02:08:03.867Z info: Received log message: 2015 回收入池1
2024-06-17T02:08:03.901Z info: Received log message: 2016 回收入池2
2024-06-17T02:08:03.929Z info: Received log message: 2017 回收入池4
2024-06-17T02:08:03.931Z info: Received log message: 2017 回收入池3
2024-06-17T02:08:03.996Z info: Received log message: 2019 回收入池5
2024-06-17T02:08:04.032Z info: Received log message: 2020 回收入池6
2024-06-17T02:08:04.034Z info: Received log message: 2020 回收入池7
2024-06-17T02:08:04.122Z info: Received log message: 2021 回收入池9
2024-06-17T02:08:04.123Z info: Received log message: 2021 回收入池8
2024-06-17T02:08:04.172Z info: Received log message: 2022 回收入池10
2024-06-17T02:08:04.208Z info: Received log message: 2023 回收入池11
2024-06-17T02:08:04.239Z info: Received log message: 2024 回收入池12
2024-06-17T02:08:04.392Z info: Received log message: 2030 回收入池13
2024-06-17T02:08:04.455Z info: Received log message: 2032 回收入池14
2024-06-17T02:08:04.534Z info: Received log message: 2035 回收入池15
2024-06-17T02:08:04.601Z info: Received log message: 2037 回收入池16
2024-06-17T02:08:04.635Z info: Received log message: 2038 回收入池17
2024-06-17T02:10:13.104Z info: Received log message: 5877 0 重用对象 火花:16
2024-06-17T02:10:13.133Z info: Received log message: 5878 1 重用对象 火花:15
2024-06-17T02:10:13.166Z info: Received log message: 5879 2 重用对象 火花:14
2024-06-17T02:10:13.196Z info: Received log message: 5880 3 重用对象 火花:13
2024-06-17T02:10:13.246Z info: Received log message: 5881 4 重用对象 火花:12
2024-06-17T02:10:13.306Z info: Received log message: 5883 5 重用对象 火花:11
2024-06-17T02:10:13.373Z info: Received log message: 5885 6 重用对象 火花:10
2024-06-17T02:10:13.405Z info: Received log message: 5886 7 重用对象 火花:9
2024-06-17T02:10:13.437Z info: Received log message: 5887 8 重用对象 火花:8
2024-06-17T02:10:13.494Z info: Received log message: 5889 9 重用对象 火花:7
2024-06-17T02:10:13.544Z info: Received log message: 5890 回收入池7
2024-06-17T02:10:13.546Z info: Received log message: 5890 10 重用对象 火花:6
2024-06-17T02:10:13.549Z info: Received log message: 5890 回收入池8
2024-06-17T02:10:13.578Z info: Received log message: 5891 9 重用对象 火花:7
2024-06-17T02:10:13.580Z info: Received log message: 5891 回收入池8
2024-06-17T02:10:13.610Z info: Received log message: 5892 9 重用对象 火花:7
2024-06-17T02:10:13.644Z info: Received log message: 5893 回收入池7
2024-06-17T02:10:13.647Z info: Received log message: 5893 回收入池8
2024-06-17T02:10:13.651Z info: Received log message: 5893 10 重用对象 火花:6
2024-06-17T02:10:13.701Z info: Received log message: 5895 回收入池9
2024-06-17T02:10:13.801Z info: Received log message: 5898 回收入池10
2024-06-17T02:10:13.803Z info: Received log message: 5898 回收入池11
2024-06-17T02:10:13.839Z info: Received log message: 5899 回收入池12
2024-06-17T02:10:13.895Z info: Received log message: 5901 回收入池13
2024-06-17T02:10:13.994Z info: Received log message: 5904 回收入池14
2024-06-17T02:10:13.996Z info: Received log message: 5904 回收入池15
2024-06-17T02:10:14.081Z info: Received log message: 5906 回收入池16
2024-06-17T02:10:14.327Z info: Received log message: 5914 回收入池17
2024-06-17T02:10:17.803Z info: Received log message: 6018 0 创建对象 :undefined
2024-06-17T02:10:20.955Z info: Received log message: 6112 0 创建对象 :undefined
2024-06-17T02:10:26.338Z info: Received log message: 6266 0 创建对象 火花:undefined
2024-06-17T02:10:26.370Z info: Received log message: 6267 2 创建对象 火花:undefined
2024-06-17T02:10:26.374Z info: Received log message: 6267 1 创建对象 火花:undefined
2024-06-17T02:10:26.402Z info: Received log message: 6268 4 创建对象 火花:undefined
2024-06-17T02:10:26.404Z info: Received log message: 6268 3 创建对象 火花:undefined
2024-06-17T02:10:26.433Z info: Received log message: 6269 5 创建对象 火花:undefined
2024-06-17T02:10:26.435Z info: Received log message: 6269 6 创建对象 火花:undefined
2024-06-17T02:10:26.465Z info: Received log message: 6270 8 创建对象 火花:undefined
2024-06-17T02:10:26.467Z info: Received log message: 6270 7 创建对象 火花:undefined
2024-06-17T02:10:26.500Z info: Received log message: 6271 9 创建对象 火花:undefined
2024-06-17T02:10:26.607Z info: Received log message: 6274 10 创建对象 火花:undefined
2024-06-17T02:10:26.643Z info: Received log message: 6275 11 创建对象 火花:undefined
2024-06-17T02:10:26.645Z info: Received log message: 6275 12 创建对象 火花:undefined
2024-06-17T02:10:26.677Z info: Received log message: 6276 13 创建对象 火花:undefined
2024-06-17T02:10:26.680Z info: Received log message: 6276 14 创建对象 火花:undefined
2024-06-17T02:10:26.713Z info: Received log message: 6277 15 创建对象 火花:undefined
2024-06-17T02:10:26.715Z info: Received log message: 6277 16 创建对象 火花:undefined
2024-06-17T02:10:26.721Z info: Received log message: 6277 17 创建对象 火花:undefined
2024-06-17T02:10:26.761Z info: Received log message: 6278 18 创建对象 火花:undefined
2024-06-17T02:10:26.763Z info: Received log message: 6278 20 创建对象 火花:undefined
2024-06-17T02:10:26.770Z info: Received log message: 6278 19 创建对象 火花:undefined
2024-06-17T02:10:26.771Z info: Received log message: 6278 回收入池1
2024-06-17T02:10:26.798Z info: Received log message: 6279 20 重用对象 火花:0
2024-06-17T02:10:26.800Z info: Received log message: 6279 回收入池2
2024-06-17T02:10:26.806Z info: Received log message: 6279 回收入池1
2024-06-17T02:10:26.835Z info: Received log message: 6280 回收入池2
2024-06-17T02:10:26.838Z info: Received log message: 6280 19 重用对象 火花:1
2024-06-17T02:10:26.878Z info: Received log message: 6281 19 重用对象 火花:1
2024-06-17T02:10:26.881Z info: Received log message: 6281 20 重用对象 火花:0
2024-06-17T02:10:26.885Z info: Received log message: 6281 回收入池2
2024-06-17T02:10:26.889Z info: Received log message: 6281 回收入池1
2024-06-17T02:10:26.928Z info: Received log message: 6282 19 重用对象 火花:1
2024-06-17T02:10:26.953Z info: Received log message: 6283 20 重用对象 火花:0
2024-06-17T02:10:26.955Z info: Received log message: 6283 回收入池1
2024-06-17T02:10:26.980Z info: Received log message: 6284 20 重用对象 火花:0
2024-06-17T02:10:27.026Z info: Received log message: 6286 回收入池1
2024-06-17T02:10:27.081Z info: Received log message: 6288 回收入池2
2024-06-17T02:10:27.113Z info: Received log message: 6289 回收入池3
2024-06-17T02:10:27.139Z info: Received log message: 6290 回收入池4
2024-06-17T02:10:27.142Z info: Received log message: 6290 回收入池5
2024-06-17T02:10:27.172Z info: Received log message: 6291 回收入池7
2024-06-17T02:10:27.176Z info: Received log message: 6291 回收入池6
2024-06-17T02:10:27.208Z info: Received log message: 6292 回收入池8
2024-06-17T02:10:27.211Z info: Received log message: 6292 回收入池9
2024-06-17T02:10:27.252Z info: Received log message: 6293 回收入池10
2024-06-17T02:10:27.255Z info: Received log message: 6293 回收入池11
2024-06-17T02:10:27.264Z info: Received log message: 6293 回收入池12
2024-06-17T02:10:27.297Z info: Received log message: 6294 回收入池13
2024-06-17T02:10:27.301Z info: Received log message: 6294 回收入池14
2024-06-17T02:10:27.308Z info: Received log message: 6294 回收入池16
2024-06-17T02:10:27.311Z info: Received log message: 6294 回收入池15
2024-06-17T02:10:27.359Z info: Received log message: 6296 回收入池17
2024-06-17T02:10:27.410Z info: Received log message: 6298 回收入池18
2024-06-17T02:10:27.471Z info: Received log message: 6300 回收入池19
2024-06-17T02:10:27.537Z info: Received log message: 6302 回收入池20
2024-06-17T02:10:27.601Z info: Received log message: 6304 回收入池21
2024-06-17T02:10:28.728Z info: Received log message: 6338 0 重用对象 火花:20
2024-06-17T02:10:28.773Z info: Received log message: 6339 1 重用对象 火花:19
2024-06-17T02:10:28.805Z info: Received log message: 6340 2 重用对象 火花:18
2024-06-17T02:10:28.838Z info: Received log message: 6341 3 重用对象 火花:17
2024-06-17T02:10:28.868Z info: Received log message: 6342 4 重用对象 火花:16
2024-06-17T02:10:29.071Z info: Received log message: 6348 5 重用对象 火花:15
2024-06-17T02:10:29.100Z info: Received log message: 6349 6 重用对象 火花:14
2024-06-17T02:10:29.129Z info: Received log message: 6350 7 重用对象 火花:13
2024-06-17T02:10:29.167Z info: Received log message: 6351 8 重用对象 火花:12
2024-06-17T02:10:29.199Z info: Received log message: 6352 9 重用对象 火花:11
2024-06-17T02:10:29.231Z info: Received log message: 6353 回收入池11
2024-06-17T02:10:29.233Z info: Received log message: 6353 10 重用对象 火花:10
2024-06-17T02:10:29.265Z info: Received log message: 6354 10 重用对象 火花:10
2024-06-17T02:10:29.266Z info: Received log message: 6354 回收入池11
2024-06-17T02:10:29.296Z info: Received log message: 6355 10 重用对象 火花:10
2024-06-17T02:10:29.330Z info: Received log message: 6356 回收入池10
2024-06-17T02:10:29.332Z info: Received log message: 6356 11 重用对象 火花:9
2024-06-17T02:10:29.363Z info: Received log message: 6357 11 重用对象 火花:9
2024-06-17T02:10:29.494Z info: Received log message: 6361 回收入池10
2024-06-17T02:10:29.532Z info: Received log message: 6362 11 重用对象 火花:9
2024-06-17T02:10:29.534Z info: Received log message: 6362 回收入池11
2024-06-17T02:10:29.539Z info: Received log message: 6362 回收入池10
2024-06-17T02:10:29.565Z info: Received log message: 6363 10 重用对象 火花:10
2024-06-17T02:10:29.596Z info: Received log message: 6364 回收入池10
2024-06-17T02:10:29.598Z info: Received log message: 6364 11 重用对象 火花:9
2024-06-17T02:10:29.601Z info: Received log message: 6364 回收入池11
2024-06-17T02:10:29.630Z info: Received log message: 6365 10 重用对象 火花:10
2024-06-17T02:10:29.632Z info: Received log message: 6365 11 重用对象 火花:9
2024-06-17T02:10:29.636Z info: Received log message: 6365 回收入池11
2024-06-17T02:10:29.639Z info: Received log message: 6365 回收入池10
2024-06-17T02:10:29.663Z info: Received log message: 6366 11 重用对象 火花:9
2024-06-17T02:10:29.664Z info: Received log message: 6366 10 重用对象 火花:10
2024-06-17T02:10:29.710Z info: Received log message: 6367 12 重用对象 火花:8
2024-06-17T02:10:29.712Z info: Received log message: 6367 13 重用对象 火花:7
2024-06-17T02:10:29.715Z info: Received log message: 6367 回收入池8
2024-06-17T02:10:29.745Z info: Received log message: 6368 13 重用对象 火花:7
2024-06-17T02:10:29.746Z info: Received log message: 6368 14 重用对象 火花:6
2024-06-17T02:10:29.784Z info: Received log message: 6369 15 重用对象 火花:5
2024-06-17T02:10:29.787Z info: Received log message: 6369 16 重用对象 火花:4
2024-06-17T02:10:29.792Z info: Received log message: 6369 回收入池6
2024-06-17T02:10:29.795Z info: Received log message: 6369 回收入池5
2024-06-17T02:10:29.825Z info: Received log message: 6370 15 重用对象 火花:5
2024-06-17T02:10:29.864Z info: Received log message: 6371 回收入池5
2024-06-17T02:10:29.865Z info: Received log message: 6371 16 重用对象 火花:4
2024-06-17T02:10:29.897Z info: Received log message: 6372 16 重用对象 火花:4
2024-06-17T02:10:29.898Z info: Received log message: 6372 回收入池5
2024-06-17T02:10:29.993Z info: Received log message: 6375 17 重用对象 火花:3
2024-06-17T02:10:29.995Z info: Received log message: 6375 16 重用对象 火花:4
2024-06-17T02:10:30.002Z info: Received log message: 6375 回收入池4
2024-06-17T02:10:30.030Z info: Received log message: 6376 19 重用对象 火花:1
2024-06-17T02:10:30.032Z info: Received log message: 6376 17 重用对象 火花:3
2024-06-17T02:10:30.037Z info: Received log message: 6376 18 重用对象 火花:2
2024-06-17T02:10:30.067Z info: Received log message: 6377 20 重用对象 火花:0
2024-06-17T02:10:30.070Z info: Received log message: 6377 回收入池1
2024-06-17T02:10:30.111Z info: Received log message: 6378 回收入池1
2024-06-17T02:10:30.114Z info: Received log message: 6378 回收入池2
2024-06-17T02:10:30.118Z info: Received log message: 6378 20 重用对象 火花:0
2024-06-17T02:10:30.153Z info: Received log message: 6379 20 重用对象 火花:0
2024-06-17T02:10:30.156Z info: Received log message: 6379 回收入池2
2024-06-17T02:10:30.162Z info: Received log message: 6379 回收入池1
2024-06-17T02:10:30.164Z info: Received log message: 6379 19 重用对象 火花:1
2024-06-17T02:10:30.188Z info: Received log message: 6380 19 重用对象 火花:1
2024-06-17T02:10:30.191Z info: Received log message: 6380 回收入池2
2024-06-17T02:10:30.225Z info: Received log message: 6381 回收入池4
2024-06-17T02:10:30.227Z info: Received log message: 6381 回收入池3
2024-06-17T02:10:30.262Z info: Received log message: 6382 回收入池5
2024-06-17T02:10:30.264Z info: Received log message: 6382 回收入池6
2024-06-17T02:10:30.298Z info: Received log message: 6383 15 重用对象 火花:5
2024-06-17T02:10:30.300Z info: Received log message: 6383 16 重用对象 火花:4
2024-06-17T02:10:30.305Z info: Received log message: 6383 回收入池5
2024-06-17T02:10:30.336Z info: Received log message: 6384 16 重用对象 火花:4
2024-06-17T02:10:30.338Z info: Received log message: 6384 18 重用对象 火花:2
2024-06-17T02:10:30.345Z info: Received log message: 6384 回收入池3
2024-06-17T02:10:30.347Z info: Received log message: 6384 17 重用对象 火花:3
2024-06-17T02:10:30.390Z info: Received log message: 6385 18 重用对象 火花:2
2024-06-17T02:10:30.393Z info: Received log message: 6385 20 重用对象 火花:0
2024-06-17T02:10:30.399Z info: Received log message: 6385 19 重用对象 火花:1
2024-06-17T02:10:30.463Z info: Received log message: 6387 回收入池1
2024-06-17T02:10:30.503Z info: Received log message: 6388 回收入池1
2024-06-17T02:10:30.504Z info: Received log message: 6388 20 重用对象 火花:0
2024-06-17T02:10:30.533Z info: Received log message: 6389 回收入池2
2024-06-17T02:10:30.535Z info: Received log message: 6389 回收入池3
2024-06-17T02:10:30.564Z info: Received log message: 6390 回收入池4
2024-06-17T02:10:30.605Z info: Received log message: 6391 回收入池6
2024-06-17T02:10:30.606Z info: Received log message: 6391 17 重用对象 火花:3
2024-06-17T02:10:30.610Z info: Received log message: 6391 回收入池4
2024-06-17T02:10:30.612Z info: Received log message: 6391 回收入池5
2024-06-17T02:10:30.633Z info: Received log message: 6392 15 重用对象 火花:5
2024-06-17T02:10:30.634Z info: Received log message: 6392 回收入池6
2024-06-17T02:10:30.666Z info: Received log message: 6393 回收入池6
2024-06-17T02:10:30.669Z info: Received log message: 6393 15 重用对象 火花:5
2024-06-17T02:10:30.696Z info: Received log message: 6394 15 重用对象 火花:5
2024-06-17T02:10:30.744Z info: Received log message: 6395 16 重用对象 火花:4
2024-06-17T02:10:30.764Z info: Received log message: 6396 回收入池6
2024-06-17T02:10:30.765Z info: Received log message: 6396 回收入池5
2024-06-17T02:10:30.767Z info: Received log message: 6396 回收入池7
2024-06-17T02:10:30.772Z info: Received log message: 6396 回收入池8
2024-06-17T02:10:30.801Z info: Received log message: 6397 回收入池9
2024-06-17T02:10:30.863Z info: Received log message: 6399 回收入池10
2024-06-17T02:10:30.910Z info: Received log message: 6400 回收入池11
2024-06-17T02:10:30.929Z info: Received log message: 6401 回收入池12
2024-06-17T02:10:30.974Z info: Received log message: 6402 回收入池13
2024-06-17T02:10:31.004Z info: Received log message: 6403 回收入池14
2024-06-17T02:10:31.036Z info: Received log message: 6404 回收入池15
2024-06-17T02:10:31.097Z info: Received log message: 6406 回收入池17
2024-06-17T02:10:31.098Z info: Received log message: 6406 回收入池16
2024-06-17T02:10:31.134Z info: Received log message: 6407 回收入池18
2024-06-17T02:10:31.163Z info: Received log message: 6408 回收入池19
2024-06-17T02:10:31.197Z info: Received log message: 6409 回收入池20
2024-06-17T02:10:31.322Z info: Received log message: 6412 回收入池21
2024-06-17T02:10:34.862Z info: Received log message: 6519 0 重用对象 火花:20
2024-06-17T02:10:34.896Z info: Received log message: 6520 1 重用对象 火花:19
2024-06-17T02:10:34.932Z info: Received log message: 6521 2 重用对象 火花:18
2024-06-17T02:10:34.963Z info: Received log message: 6522 3 重用对象 火花:17
2024-06-17T02:10:34.997Z info: Received log message: 6523 4 重用对象 火花:16
2024-06-17T02:10:35.300Z info: Received log message: 6532 回收入池17
2024-06-17T02:10:35.363Z info: Received log message: 6534 回收入池18
2024-06-17T02:10:35.395Z info: Received log message: 6535 回收入池19
2024-06-17T02:10:35.705Z info: Received log message: 6544 回收入池20
2024-06-17T02:10:35.767Z info: Received log message: 6546 回收入池21
